[32minfo[39m:    GET url: /users params: {} body: {}
[32minfo[39m:    POST url: /users params: {} body: {"name":"TEST_USER","login":"test_user","password":"T35t_P@55w0rd"}
[32minfo[39m:    GET url: /users/3b7d805f-586b-4abd-a884-607c95f3256a params: {} body: {}
[32minfo[39m:    DELETE url: /users/3b7d805f-586b-4abd-a884-607c95f3256a params: {} body: {}
[31merror[39m:   CODE 500: 
[32minfo[39m:    POST url: /users params: {} body: {"name":"TEST_USER","login":"test_user","password":"T35t_P@55w0rd"}
[32minfo[39m:    DELETE url: /users/52c7c235-3914-4cea-b7a5-ae16c5e13705 params: {} body: {}
[31merror[39m:   CODE 500: 
[32minfo[39m:    POST url: /users params: {} body: {"name":"TEST_USER","login":"test_user","password":"T35t_P@55w0rd"}
[32minfo[39m:    PUT url: /users/0b891087-3968-4ed6-9851-441536857661 params: {} body: {"name":"Autotest updated TEST_USER","login":"test_user","password":"T35t_P@55w0rd","id":"0b891087-3968-4ed6-9851-441536857661"}
[32minfo[39m:    GET url: /users/0b891087-3968-4ed6-9851-441536857661 params: {} body: {}
[32minfo[39m:    DELETE url: /users/0b891087-3968-4ed6-9851-441536857661 params: {} body: {}
[31merror[39m:   CODE 500: 
[32minfo[39m:    POST url: /users params: {} body: {"name":"TEST_USER","login":"test_user","password":"T35t_P@55w0rd"}
[32minfo[39m:    DELETE url: /users/40897e05-f58e-4dc5-a987-7eff76dd8b5e params: {} body: {}
[31merror[39m:   CODE 500: 
[32minfo[39m:    POST url: /users params: {} body: {"name":"TEST_USER","login":"test_user","password":"T35t_P@55w0rd"}
[32minfo[39m:    POST url: /boards params: {} body: {"title":"Autotest board","columns":[{"title":"Backlog","order":1},{"title":"Sprint","order":2}]}
[32minfo[39m:    POST url: /boards/4449c56c-31c8-4272-91df-1c8fe6d0777d/tasks params: {} body: {"title":"Task #2","order":2,"description":"Lorem ipsum","userId":"5261ee80-c56b-478a-9f59-7f2a63944200","boardId":"4449c56c-31c8-4272-91df-1c8fe6d0777d"}
[32minfo[39m:    POST url: /boards/4449c56c-31c8-4272-91df-1c8fe6d0777d/tasks params: {} body: {"title":"Task #1","order":1,"description":"Lorem ipsum","userId":"5261ee80-c56b-478a-9f59-7f2a63944200","boardId":"4449c56c-31c8-4272-91df-1c8fe6d0777d"}
[32minfo[39m:    DELETE url: /users/5261ee80-c56b-478a-9f59-7f2a63944200 params: {} body: {}
[31merror[39m:   CODE 500: 
[32minfo[39m:    POST url: /boards params: {} body: {"title":"Autotest board","columns":[{"title":"Backlog","order":1},{"title":"Sprint","order":2}]}
[32minfo[39m:    GET url: /boards params: {} body: {}
[32minfo[39m:    GET url: /boards params: {} body: {}
[32minfo[39m:    GET url: /boards/4449c56c-31c8-4272-91df-1c8fe6d0777d params: {} body: {}
[32minfo[39m:    POST url: /boards params: {} body: {"title":"Autotest board","columns":[{"title":"Backlog","order":1},{"title":"Sprint","order":2}]}
[32minfo[39m:    DELETE url: /boards/3d3eacd3-1367-47aa-8bd8-4d1805ce40ea params: {} body: {}
[32minfo[39m:    POST url: /boards params: {} body: {"title":"Autotest board","columns":[{"title":"Backlog","order":1},{"title":"Sprint","order":2}]}
[32minfo[39m:    PUT url: /boards/6af3fc52-3f8e-41c5-91d4-8d968bab9bc9 params: {} body: {"id":"6af3fc52-3f8e-41c5-91d4-8d968bab9bc9","title":"Autotest updated board","columns":[{"title":"Backlog","order":1},{"title":"Sprint","order":2}]}
[32minfo[39m:    GET url: /boards/6af3fc52-3f8e-41c5-91d4-8d968bab9bc9 params: {} body: {}
[32minfo[39m:    DELETE url: /boards/6af3fc52-3f8e-41c5-91d4-8d968bab9bc9 params: {} body: {}
[32minfo[39m:    GET url: /boards params: {} body: {}
[32minfo[39m:    DELETE url: /boards/4449c56c-31c8-4272-91df-1c8fe6d0777d params: {} body: {}
[32minfo[39m:    GET url: /boards/4449c56c-31c8-4272-91df-1c8fe6d0777d params: {} body: {}
[32minfo[39m:    POST url: /boards params: {} body: {"title":"Autotest board","columns":[{"title":"Backlog","order":1},{"title":"Sprint","order":2}]}
[32minfo[39m:    POST url: /boards/efd36755-9bb9-4dac-8cef-ae7c08b177a5/tasks params: {} body: {"title":"Task #1","order":1,"description":"Lorem ipsum","boardId":"efd36755-9bb9-4dac-8cef-ae7c08b177a5","userId":null,"columnId":null}
[32minfo[39m:    POST url: /boards/efd36755-9bb9-4dac-8cef-ae7c08b177a5/tasks params: {} body: {"title":"Task #2","order":2,"description":"Lorem ipsum","boardId":"efd36755-9bb9-4dac-8cef-ae7c08b177a5","userId":null,"columnId":null}
[32minfo[39m:    POST url: /boards/efd36755-9bb9-4dac-8cef-ae7c08b177a5/tasks params: {} body: {"title":"Task #3","order":3,"description":"Lorem ipsum","boardId":"efd36755-9bb9-4dac-8cef-ae7c08b177a5","userId":null,"columnId":null}
[32minfo[39m:    POST url: /boards/efd36755-9bb9-4dac-8cef-ae7c08b177a5/tasks params: {} body: {"title":"Task #4","order":4,"description":"Lorem ipsum","boardId":"efd36755-9bb9-4dac-8cef-ae7c08b177a5","userId":null,"columnId":null}
[32minfo[39m:    POST url: /boards/efd36755-9bb9-4dac-8cef-ae7c08b177a5/tasks params: {} body: {"title":"Task #5","order":5,"description":"Lorem ipsum","boardId":"efd36755-9bb9-4dac-8cef-ae7c08b177a5","userId":null,"columnId":null}
[32minfo[39m:    GET url: /boards/efd36755-9bb9-4dac-8cef-ae7c08b177a5/tasks/f6142ff7-48e2-4416-8c18-02f0f035ab04 params: {} body: {}
[32minfo[39m:    GET url: /boards/efd36755-9bb9-4dac-8cef-ae7c08b177a5/tasks/6917142d-ebed-4243-9160-51527ceec256 params: {} body: {}
[32minfo[39m:    GET url: /boards/efd36755-9bb9-4dac-8cef-ae7c08b177a5/tasks/ec154b31-b39e-4551-8fa9-8ac25a8c2cc3 params: {} body: {}
[32minfo[39m:    GET url: /boards/efd36755-9bb9-4dac-8cef-ae7c08b177a5/tasks/a7ff7699-47ba-479b-b931-387a27a434c4 params: {} body: {}
[32minfo[39m:    GET url: /boards/efd36755-9bb9-4dac-8cef-ae7c08b177a5/tasks/18d1070f-7744-405e-9682-e0195347e85a params: {} body: {}
[32minfo[39m:    DELETE url: /boards/efd36755-9bb9-4dac-8cef-ae7c08b177a5 params: {} body: {}
[32minfo[39m:    GET url: /boards/efd36755-9bb9-4dac-8cef-ae7c08b177a5/tasks/f6142ff7-48e2-4416-8c18-02f0f035ab04 params: {} body: {}
[32minfo[39m:    GET url: /boards/efd36755-9bb9-4dac-8cef-ae7c08b177a5/tasks/6917142d-ebed-4243-9160-51527ceec256 params: {} body: {}
[32minfo[39m:    GET url: /boards/efd36755-9bb9-4dac-8cef-ae7c08b177a5/tasks/ec154b31-b39e-4551-8fa9-8ac25a8c2cc3 params: {} body: {}
[32minfo[39m:    GET url: /boards/efd36755-9bb9-4dac-8cef-ae7c08b177a5/tasks/a7ff7699-47ba-479b-b931-387a27a434c4 params: {} body: {}
[32minfo[39m:    GET url: /boards/efd36755-9bb9-4dac-8cef-ae7c08b177a5/tasks/18d1070f-7744-405e-9682-e0195347e85a params: {} body: {}
[32minfo[39m:    POST url: /boards params: {} body: {"title":"Autotest board","columns":[{"title":"Backlog","order":1},{"title":"Sprint","order":2}]}
[32minfo[39m:    POST url: /boards/1d36f8d9-951e-48a7-88c8-b3137e40f695/tasks params: {} body: {"title":"Autotest task","order":0,"description":"Lorem ipsum","userId":null,"boardId":null,"columnId":null}
[32minfo[39m:    GET url: /boards/1d36f8d9-951e-48a7-88c8-b3137e40f695/tasks params: {} body: {}
[32minfo[39m:    GET url: /boards/1d36f8d9-951e-48a7-88c8-b3137e40f695/tasks params: {} body: {}
[32minfo[39m:    GET url: /boards/1d36f8d9-951e-48a7-88c8-b3137e40f695/tasks/5b260f71-fba4-4b07-98d2-7df7b08e95db params: {} body: {}
[32minfo[39m:    POST url: /boards/1d36f8d9-951e-48a7-88c8-b3137e40f695/tasks params: {} body: {"title":"Autotest task","order":0,"description":"Lorem ipsum","userId":null,"boardId":null,"columnId":null}
[32minfo[39m:    DELETE url: /boards/1d36f8d9-951e-48a7-88c8-b3137e40f695/tasks/b99ebf90-0f8c-47f4-9673-bdbbf1ec605f params: {} body: {}
[32minfo[39m:    POST url: /boards/1d36f8d9-951e-48a7-88c8-b3137e40f695/tasks params: {} body: {"title":"Autotest task","order":0,"description":"Lorem ipsum","userId":null,"boardId":null,"columnId":null}
[32minfo[39m:    PUT url: /boards/1d36f8d9-951e-48a7-88c8-b3137e40f695/tasks/0501fb8d-83f2-4bfc-9411-489547b1c33c params: {} body: {"id":"0501fb8d-83f2-4bfc-9411-489547b1c33c","title":"Autotest updated task","order":0,"description":"Lorem ipsum","userId":null,"boardId":"1d36f8d9-951e-48a7-88c8-b3137e40f695","columnId":null}
[32minfo[39m:    GET url: /boards/1d36f8d9-951e-48a7-88c8-b3137e40f695/tasks/0501fb8d-83f2-4bfc-9411-489547b1c33c params: {} body: {}
[32minfo[39m:    GET url: /boards/1d36f8d9-951e-48a7-88c8-b3137e40f695/tasks/5b260f71-fba4-4b07-98d2-7df7b08e95db params: {} body: {}
[32minfo[39m:    DELETE url: /boards/1d36f8d9-951e-48a7-88c8-b3137e40f695/tasks/5b260f71-fba4-4b07-98d2-7df7b08e95db params: {} body: {}
[32minfo[39m:    GET url: /boards/1d36f8d9-951e-48a7-88c8-b3137e40f695/tasks/5b260f71-fba4-4b07-98d2-7df7b08e95db params: {} body: {}
[32minfo[39m:    DELETE url: /boards/1d36f8d9-951e-48a7-88c8-b3137e40f695 params: {} body: {}
[31merror[39m:   unhandledRejection: Cannot create collection rest.users - database is in the process of being dropped.
[32minfo[39m:    GET url: /users params: {} body: {}
[31merror[39m:   CODE 500: undefined is not a function
[32minfo[39m:    POST url: /users params: {} body: {"name":"TEST_USER","login":"test_user","password":"T35t_P@55w0rd"}
[31merror[39m:   CODE 500: User.toResponse is not a function
[32minfo[39m:    POST url: /users params: {} body: {"name":"TEST_USER","login":"test_user","password":"T35t_P@55w0rd"}
[31merror[39m:   CODE 500: User.toResponse is not a function
[32minfo[39m:    POST url: /users params: {} body: {"name":"TEST_USER","login":"test_user","password":"T35t_P@55w0rd"}
[31merror[39m:   CODE 500: User.toResponse is not a function
[32minfo[39m:    PUT url: /users/undefined params: {} body: {"name":"Autotest updated TEST_USER","login":"test_user","password":"T35t_P@55w0rd"}
[32minfo[39m:    POST url: /users params: {} body: {"name":"TEST_USER","login":"test_user","password":"T35t_P@55w0rd"}
[31merror[39m:   CODE 500: User.toResponse is not a function
[32minfo[39m:    DELETE url: /users/undefined params: {} body: {}
[31merror[39m:   CODE 500: 
[32minfo[39m:    POST url: /users params: {} body: {"name":"TEST_USER","login":"test_user","password":"T35t_P@55w0rd"}
[31merror[39m:   CODE 500: User.toResponse is not a function
[32minfo[39m:    POST url: /boards params: {} body: {"title":"Autotest board","columns":[{"title":"Backlog","order":1},{"title":"Sprint","order":2}]}
[32minfo[39m:    GET url: /boards params: {} body: {}
[32minfo[39m:    GET url: /boards params: {} body: {}
[32minfo[39m:    GET url: /boards/2976de36-6439-46a0-b1a3-133fd8eebbe2 params: {} body: {}
[32minfo[39m:    POST url: /boards params: {} body: {"title":"Autotest board","columns":[{"title":"Backlog","order":1},{"title":"Sprint","order":2}]}
[32minfo[39m:    DELETE url: /boards/afef70b9-f073-4e31-8385-2fd185f28c7b params: {} body: {}
[32minfo[39m:    POST url: /boards params: {} body: {"title":"Autotest board","columns":[{"title":"Backlog","order":1},{"title":"Sprint","order":2}]}
[32minfo[39m:    PUT url: /boards/93d3c225-4c47-4e7f-a05a-a0b9a993ea9f params: {} body: {"id":"93d3c225-4c47-4e7f-a05a-a0b9a993ea9f","title":"Autotest updated board","columns":[{"title":"Backlog","order":1},{"title":"Sprint","order":2}]}
[32minfo[39m:    GET url: /boards/93d3c225-4c47-4e7f-a05a-a0b9a993ea9f params: {} body: {}
[32minfo[39m:    DELETE url: /boards/93d3c225-4c47-4e7f-a05a-a0b9a993ea9f params: {} body: {}
[32minfo[39m:    GET url: /boards params: {} body: {}
[32minfo[39m:    DELETE url: /boards/2976de36-6439-46a0-b1a3-133fd8eebbe2 params: {} body: {}
[32minfo[39m:    GET url: /boards/2976de36-6439-46a0-b1a3-133fd8eebbe2 params: {} body: {}
[32minfo[39m:    POST url: /boards params: {} body: {"title":"Autotest board","columns":[{"title":"Backlog","order":1},{"title":"Sprint","order":2}]}
[32minfo[39m:    POST url: /boards/213501ae-c142-4995-bff3-c1846247302e/tasks params: {} body: {"title":"Task #1","order":1,"description":"Lorem ipsum","boardId":"213501ae-c142-4995-bff3-c1846247302e","userId":null,"columnId":null}
[32minfo[39m:    POST url: /boards/213501ae-c142-4995-bff3-c1846247302e/tasks params: {} body: {"title":"Task #2","order":2,"description":"Lorem ipsum","boardId":"213501ae-c142-4995-bff3-c1846247302e","userId":null,"columnId":null}
[32minfo[39m:    POST url: /boards/213501ae-c142-4995-bff3-c1846247302e/tasks params: {} body: {"title":"Task #3","order":3,"description":"Lorem ipsum","boardId":"213501ae-c142-4995-bff3-c1846247302e","userId":null,"columnId":null}
[32minfo[39m:    POST url: /boards/213501ae-c142-4995-bff3-c1846247302e/tasks params: {} body: {"title":"Task #4","order":4,"description":"Lorem ipsum","boardId":"213501ae-c142-4995-bff3-c1846247302e","userId":null,"columnId":null}
[32minfo[39m:    POST url: /boards/213501ae-c142-4995-bff3-c1846247302e/tasks params: {} body: {"title":"Task #5","order":5,"description":"Lorem ipsum","boardId":"213501ae-c142-4995-bff3-c1846247302e","userId":null,"columnId":null}
[32minfo[39m:    GET url: /boards/213501ae-c142-4995-bff3-c1846247302e/tasks/30909bec-892d-460e-a791-aeceb601fdb3 params: {} body: {}
[32minfo[39m:    GET url: /boards/213501ae-c142-4995-bff3-c1846247302e/tasks/8d3a35aa-265b-44b3-b06c-23645e6547c3 params: {} body: {}
[32minfo[39m:    GET url: /boards/213501ae-c142-4995-bff3-c1846247302e/tasks/5d7c9a4a-0ccc-4239-8560-0006c277be75 params: {} body: {}
[32minfo[39m:    GET url: /boards/213501ae-c142-4995-bff3-c1846247302e/tasks/03c22f80-3696-47d5-836e-fe029d05dc8f params: {} body: {}
[32minfo[39m:    GET url: /boards/213501ae-c142-4995-bff3-c1846247302e/tasks/63950133-97bf-4129-bce7-b78ad475f23f params: {} body: {}
[32minfo[39m:    DELETE url: /boards/213501ae-c142-4995-bff3-c1846247302e params: {} body: {}
[32minfo[39m:    GET url: /boards/213501ae-c142-4995-bff3-c1846247302e/tasks/30909bec-892d-460e-a791-aeceb601fdb3 params: {} body: {}
[32minfo[39m:    GET url: /boards/213501ae-c142-4995-bff3-c1846247302e/tasks/8d3a35aa-265b-44b3-b06c-23645e6547c3 params: {} body: {}
[32minfo[39m:    GET url: /boards/213501ae-c142-4995-bff3-c1846247302e/tasks/5d7c9a4a-0ccc-4239-8560-0006c277be75 params: {} body: {}
[32minfo[39m:    GET url: /boards/213501ae-c142-4995-bff3-c1846247302e/tasks/03c22f80-3696-47d5-836e-fe029d05dc8f params: {} body: {}
[32minfo[39m:    GET url: /boards/213501ae-c142-4995-bff3-c1846247302e/tasks/63950133-97bf-4129-bce7-b78ad475f23f params: {} body: {}
[32minfo[39m:    POST url: /boards params: {} body: {"title":"Autotest board","columns":[{"title":"Backlog","order":1},{"title":"Sprint","order":2}]}
[32minfo[39m:    POST url: /boards/a6a99f5c-22e5-480a-aeb7-84b0f74b9638/tasks params: {} body: {"title":"Autotest task","order":0,"description":"Lorem ipsum","userId":null,"boardId":null,"columnId":null}
[32minfo[39m:    GET url: /boards/a6a99f5c-22e5-480a-aeb7-84b0f74b9638/tasks params: {} body: {}
[32minfo[39m:    GET url: /boards/a6a99f5c-22e5-480a-aeb7-84b0f74b9638/tasks params: {} body: {}
[32minfo[39m:    GET url: /boards/a6a99f5c-22e5-480a-aeb7-84b0f74b9638/tasks/dda4a351-05f0-4834-b62b-57139afa55dc params: {} body: {}
[32minfo[39m:    POST url: /boards/a6a99f5c-22e5-480a-aeb7-84b0f74b9638/tasks params: {} body: {"title":"Autotest task","order":0,"description":"Lorem ipsum","userId":null,"boardId":null,"columnId":null}
[32minfo[39m:    DELETE url: /boards/a6a99f5c-22e5-480a-aeb7-84b0f74b9638/tasks/fde2045b-ceea-40fa-a76c-ec85f6fa3659 params: {} body: {}
[32minfo[39m:    POST url: /boards/a6a99f5c-22e5-480a-aeb7-84b0f74b9638/tasks params: {} body: {"title":"Autotest task","order":0,"description":"Lorem ipsum","userId":null,"boardId":null,"columnId":null}
[32minfo[39m:    PUT url: /boards/a6a99f5c-22e5-480a-aeb7-84b0f74b9638/tasks/c58979b8-e8b4-43ca-88dc-9da4c67f4008 params: {} body: {"id":"c58979b8-e8b4-43ca-88dc-9da4c67f4008","title":"Autotest updated task","order":0,"description":"Lorem ipsum","userId":null,"boardId":"a6a99f5c-22e5-480a-aeb7-84b0f74b9638","columnId":null}
[32minfo[39m:    GET url: /boards/a6a99f5c-22e5-480a-aeb7-84b0f74b9638/tasks/c58979b8-e8b4-43ca-88dc-9da4c67f4008 params: {} body: {}
[32minfo[39m:    GET url: /boards/a6a99f5c-22e5-480a-aeb7-84b0f74b9638/tasks/dda4a351-05f0-4834-b62b-57139afa55dc params: {} body: {}
[32minfo[39m:    DELETE url: /boards/a6a99f5c-22e5-480a-aeb7-84b0f74b9638/tasks/dda4a351-05f0-4834-b62b-57139afa55dc params: {} body: {}
[32minfo[39m:    GET url: /boards/a6a99f5c-22e5-480a-aeb7-84b0f74b9638/tasks/dda4a351-05f0-4834-b62b-57139afa55dc params: {} body: {}
[32minfo[39m:    DELETE url: /boards/a6a99f5c-22e5-480a-aeb7-84b0f74b9638 params: {} body: {}
[32minfo[39m:    GET url: /users params: {} body: {}
[31merror[39m:   CODE 500: undefined is not a function
[32minfo[39m:    POST url: /users params: {} body: {"name":"TEST_USER","login":"test_user","password":"T35t_P@55w0rd"}
[31merror[39m:   CODE 500: User.toResponse is not a function
[32minfo[39m:    POST url: /users params: {} body: {"name":"TEST_USER","login":"test_user","password":"T35t_P@55w0rd"}
[31merror[39m:   CODE 500: User.toResponse is not a function
[32minfo[39m:    POST url: /users params: {} body: {"name":"TEST_USER","login":"test_user","password":"T35t_P@55w0rd"}
[31merror[39m:   CODE 500: User.toResponse is not a function
[32minfo[39m:    PUT url: /users/undefined params: {} body: {"name":"Autotest updated TEST_USER","login":"test_user","password":"T35t_P@55w0rd"}
[32minfo[39m:    POST url: /users params: {} body: {"name":"TEST_USER","login":"test_user","password":"T35t_P@55w0rd"}
[31merror[39m:   CODE 500: User.toResponse is not a function
[32minfo[39m:    DELETE url: /users/undefined params: {} body: {}
[31merror[39m:   CODE 500: 
[32minfo[39m:    POST url: /users params: {} body: {"name":"TEST_USER","login":"test_user","password":"T35t_P@55w0rd"}
[31merror[39m:   CODE 500: User.toResponse is not a function
[32minfo[39m:    POST url: /boards params: {} body: {"title":"Autotest board","columns":[{"title":"Backlog","order":1},{"title":"Sprint","order":2}]}
[32minfo[39m:    GET url: /boards params: {} body: {}
[32minfo[39m:    GET url: /boards params: {} body: {}
[32minfo[39m:    GET url: /boards/3dcb6442-87ae-4a96-be6a-e9ab44793c7d params: {} body: {}
[32minfo[39m:    POST url: /boards params: {} body: {"title":"Autotest board","columns":[{"title":"Backlog","order":1},{"title":"Sprint","order":2}]}
[32minfo[39m:    DELETE url: /boards/3506fbfe-725c-48a3-8f94-dc50cd2619cc params: {} body: {}
[32minfo[39m:    POST url: /boards params: {} body: {"title":"Autotest board","columns":[{"title":"Backlog","order":1},{"title":"Sprint","order":2}]}
[32minfo[39m:    PUT url: /boards/ed2f5902-0a96-4f0a-b265-257990b9e036 params: {} body: {"id":"ed2f5902-0a96-4f0a-b265-257990b9e036","title":"Autotest updated board","columns":[{"title":"Backlog","order":1},{"title":"Sprint","order":2}]}
[32minfo[39m:    GET url: /boards/ed2f5902-0a96-4f0a-b265-257990b9e036 params: {} body: {}
[32minfo[39m:    DELETE url: /boards/ed2f5902-0a96-4f0a-b265-257990b9e036 params: {} body: {}
[32minfo[39m:    GET url: /boards params: {} body: {}
[32minfo[39m:    DELETE url: /boards/3dcb6442-87ae-4a96-be6a-e9ab44793c7d params: {} body: {}
[32minfo[39m:    GET url: /boards/3dcb6442-87ae-4a96-be6a-e9ab44793c7d params: {} body: {}
[32minfo[39m:    POST url: /boards params: {} body: {"title":"Autotest board","columns":[{"title":"Backlog","order":1},{"title":"Sprint","order":2}]}
[32minfo[39m:    POST url: /boards/e760a527-f5e2-497d-8617-9a87b5d49cbf/tasks params: {} body: {"title":"Task #1","order":1,"description":"Lorem ipsum","boardId":"e760a527-f5e2-497d-8617-9a87b5d49cbf","userId":null,"columnId":null}
[32minfo[39m:    POST url: /boards/e760a527-f5e2-497d-8617-9a87b5d49cbf/tasks params: {} body: {"title":"Task #2","order":2,"description":"Lorem ipsum","boardId":"e760a527-f5e2-497d-8617-9a87b5d49cbf","userId":null,"columnId":null}
[32minfo[39m:    POST url: /boards/e760a527-f5e2-497d-8617-9a87b5d49cbf/tasks params: {} body: {"title":"Task #4","order":4,"description":"Lorem ipsum","boardId":"e760a527-f5e2-497d-8617-9a87b5d49cbf","userId":null,"columnId":null}
[32minfo[39m:    POST url: /boards/e760a527-f5e2-497d-8617-9a87b5d49cbf/tasks params: {} body: {"title":"Task #5","order":5,"description":"Lorem ipsum","boardId":"e760a527-f5e2-497d-8617-9a87b5d49cbf","userId":null,"columnId":null}
[32minfo[39m:    POST url: /boards/e760a527-f5e2-497d-8617-9a87b5d49cbf/tasks params: {} body: {"title":"Task #3","order":3,"description":"Lorem ipsum","boardId":"e760a527-f5e2-497d-8617-9a87b5d49cbf","userId":null,"columnId":null}
[32minfo[39m:    GET url: /boards/e760a527-f5e2-497d-8617-9a87b5d49cbf/tasks/87cb7db3-6c2b-4fc9-84c7-3460be8f734e params: {} body: {}
[32minfo[39m:    GET url: /boards/e760a527-f5e2-497d-8617-9a87b5d49cbf/tasks/a15e836e-1854-4c5c-ac2e-e6e9cc8c53a9 params: {} body: {}
[32minfo[39m:    GET url: /boards/e760a527-f5e2-497d-8617-9a87b5d49cbf/tasks/be564390-37e1-48f7-b88d-a200e9271678 params: {} body: {}
[32minfo[39m:    GET url: /boards/e760a527-f5e2-497d-8617-9a87b5d49cbf/tasks/658b84d9-09d3-4570-8c61-ff0c54ba6d69 params: {} body: {}
[32minfo[39m:    GET url: /boards/e760a527-f5e2-497d-8617-9a87b5d49cbf/tasks/cb7e8705-2c8a-405a-95b4-3cb0d764ae38 params: {} body: {}
[32minfo[39m:    DELETE url: /boards/e760a527-f5e2-497d-8617-9a87b5d49cbf params: {} body: {}
[32minfo[39m:    GET url: /boards/e760a527-f5e2-497d-8617-9a87b5d49cbf/tasks/87cb7db3-6c2b-4fc9-84c7-3460be8f734e params: {} body: {}
[32minfo[39m:    GET url: /boards/e760a527-f5e2-497d-8617-9a87b5d49cbf/tasks/a15e836e-1854-4c5c-ac2e-e6e9cc8c53a9 params: {} body: {}
[32minfo[39m:    GET url: /boards/e760a527-f5e2-497d-8617-9a87b5d49cbf/tasks/be564390-37e1-48f7-b88d-a200e9271678 params: {} body: {}
[32minfo[39m:    GET url: /boards/e760a527-f5e2-497d-8617-9a87b5d49cbf/tasks/658b84d9-09d3-4570-8c61-ff0c54ba6d69 params: {} body: {}
[32minfo[39m:    GET url: /boards/e760a527-f5e2-497d-8617-9a87b5d49cbf/tasks/cb7e8705-2c8a-405a-95b4-3cb0d764ae38 params: {} body: {}
[32minfo[39m:    POST url: /boards params: {} body: {"title":"Autotest board","columns":[{"title":"Backlog","order":1},{"title":"Sprint","order":2}]}
[32minfo[39m:    POST url: /boards/3831a2d5-67ef-41b5-b547-00b1f434ec00/tasks params: {} body: {"title":"Autotest task","order":0,"description":"Lorem ipsum","userId":null,"boardId":null,"columnId":null}
[32minfo[39m:    GET url: /boards/3831a2d5-67ef-41b5-b547-00b1f434ec00/tasks params: {} body: {}
[32minfo[39m:    GET url: /boards/3831a2d5-67ef-41b5-b547-00b1f434ec00/tasks params: {} body: {}
[32minfo[39m:    GET url: /boards/3831a2d5-67ef-41b5-b547-00b1f434ec00/tasks/147a93d1-869a-4509-b250-d7432d53bb14 params: {} body: {}
[32minfo[39m:    POST url: /boards/3831a2d5-67ef-41b5-b547-00b1f434ec00/tasks params: {} body: {"title":"Autotest task","order":0,"description":"Lorem ipsum","userId":null,"boardId":null,"columnId":null}
[32minfo[39m:    DELETE url: /boards/3831a2d5-67ef-41b5-b547-00b1f434ec00/tasks/176d645c-c46b-4b2b-a4d0-d67653aaa4ac params: {} body: {}
[32minfo[39m:    POST url: /boards/3831a2d5-67ef-41b5-b547-00b1f434ec00/tasks params: {} body: {"title":"Autotest task","order":0,"description":"Lorem ipsum","userId":null,"boardId":null,"columnId":null}
[32minfo[39m:    PUT url: /boards/3831a2d5-67ef-41b5-b547-00b1f434ec00/tasks/819543a9-09ac-43fd-a61b-8641b7d63acd params: {} body: {"id":"819543a9-09ac-43fd-a61b-8641b7d63acd","title":"Autotest updated task","order":0,"description":"Lorem ipsum","userId":null,"boardId":"3831a2d5-67ef-41b5-b547-00b1f434ec00","columnId":null}
[32minfo[39m:    GET url: /boards/3831a2d5-67ef-41b5-b547-00b1f434ec00/tasks/819543a9-09ac-43fd-a61b-8641b7d63acd params: {} body: {}
[32minfo[39m:    GET url: /boards/3831a2d5-67ef-41b5-b547-00b1f434ec00/tasks/147a93d1-869a-4509-b250-d7432d53bb14 params: {} body: {}
[32minfo[39m:    DELETE url: /boards/3831a2d5-67ef-41b5-b547-00b1f434ec00/tasks/147a93d1-869a-4509-b250-d7432d53bb14 params: {} body: {}
[32minfo[39m:    GET url: /boards/3831a2d5-67ef-41b5-b547-00b1f434ec00/tasks/147a93d1-869a-4509-b250-d7432d53bb14 params: {} body: {}
[32minfo[39m:    DELETE url: /boards/3831a2d5-67ef-41b5-b547-00b1f434ec00 params: {} body: {}
[32minfo[39m:    GET url: /users params: {} body: {}
[31merror[39m:   CODE 500: undefined is not a function
[32minfo[39m:    POST url: /users params: {} body: {"name":"TEST_USER","login":"test_user","password":"T35t_P@55w0rd"}
[31merror[39m:   CODE 500: User.toResponse is not a function
[32minfo[39m:    POST url: /users params: {} body: {"name":"TEST_USER","login":"test_user","password":"T35t_P@55w0rd"}
[31merror[39m:   CODE 500: User.toResponse is not a function
[32minfo[39m:    POST url: /users params: {} body: {"name":"TEST_USER","login":"test_user","password":"T35t_P@55w0rd"}
[31merror[39m:   CODE 500: User.toResponse is not a function
[32minfo[39m:    PUT url: /users/undefined params: {} body: {"name":"Autotest updated TEST_USER","login":"test_user","password":"T35t_P@55w0rd"}
[32minfo[39m:    POST url: /users params: {} body: {"name":"TEST_USER","login":"test_user","password":"T35t_P@55w0rd"}
[31merror[39m:   CODE 500: User.toResponse is not a function
[32minfo[39m:    DELETE url: /users/undefined params: {} body: {}
[31merror[39m:   CODE 500: 
[32minfo[39m:    POST url: /users params: {} body: {"name":"TEST_USER","login":"test_user","password":"T35t_P@55w0rd"}
[31merror[39m:   CODE 500: User.toResponse is not a function
[32minfo[39m:    POST url: /boards params: {} body: {"title":"Autotest board","columns":[{"title":"Backlog","order":1},{"title":"Sprint","order":2}]}
[32minfo[39m:    GET url: /boards params: {} body: {}
[32minfo[39m:    GET url: /boards params: {} body: {}
[32minfo[39m:    GET url: /boards/a266fc8e-2a54-4215-8695-c4ac682d9a06 params: {} body: {}
[32minfo[39m:    POST url: /boards params: {} body: {"title":"Autotest board","columns":[{"title":"Backlog","order":1},{"title":"Sprint","order":2}]}
[32minfo[39m:    DELETE url: /boards/023410d4-5a72-432e-9bc3-b0d98fce720e params: {} body: {}
[32minfo[39m:    POST url: /boards params: {} body: {"title":"Autotest board","columns":[{"title":"Backlog","order":1},{"title":"Sprint","order":2}]}
[32minfo[39m:    PUT url: /boards/16f61f84-8adf-4609-a056-c5148d163e51 params: {} body: {"id":"16f61f84-8adf-4609-a056-c5148d163e51","title":"Autotest updated board","columns":[{"title":"Backlog","order":1},{"title":"Sprint","order":2}]}
[32minfo[39m:    GET url: /boards/16f61f84-8adf-4609-a056-c5148d163e51 params: {} body: {}
[32minfo[39m:    DELETE url: /boards/16f61f84-8adf-4609-a056-c5148d163e51 params: {} body: {}
[32minfo[39m:    GET url: /boards params: {} body: {}
[32minfo[39m:    DELETE url: /boards/a266fc8e-2a54-4215-8695-c4ac682d9a06 params: {} body: {}
[32minfo[39m:    GET url: /boards/a266fc8e-2a54-4215-8695-c4ac682d9a06 params: {} body: {}
[32minfo[39m:    POST url: /boards params: {} body: {"title":"Autotest board","columns":[{"title":"Backlog","order":1},{"title":"Sprint","order":2}]}
[32minfo[39m:    POST url: /boards/c6327a82-8b05-4a4e-b812-2d7e45333ad3/tasks params: {} body: {"title":"Task #1","order":1,"description":"Lorem ipsum","boardId":"c6327a82-8b05-4a4e-b812-2d7e45333ad3","userId":null,"columnId":null}
[32minfo[39m:    POST url: /boards/c6327a82-8b05-4a4e-b812-2d7e45333ad3/tasks params: {} body: {"title":"Task #2","order":2,"description":"Lorem ipsum","boardId":"c6327a82-8b05-4a4e-b812-2d7e45333ad3","userId":null,"columnId":null}
[32minfo[39m:    POST url: /boards/c6327a82-8b05-4a4e-b812-2d7e45333ad3/tasks params: {} body: {"title":"Task #3","order":3,"description":"Lorem ipsum","boardId":"c6327a82-8b05-4a4e-b812-2d7e45333ad3","userId":null,"columnId":null}
[32minfo[39m:    POST url: /boards/c6327a82-8b05-4a4e-b812-2d7e45333ad3/tasks params: {} body: {"title":"Task #4","order":4,"description":"Lorem ipsum","boardId":"c6327a82-8b05-4a4e-b812-2d7e45333ad3","userId":null,"columnId":null}
[32minfo[39m:    POST url: /boards/c6327a82-8b05-4a4e-b812-2d7e45333ad3/tasks params: {} body: {"title":"Task #5","order":5,"description":"Lorem ipsum","boardId":"c6327a82-8b05-4a4e-b812-2d7e45333ad3","userId":null,"columnId":null}
[32minfo[39m:    GET url: /boards/c6327a82-8b05-4a4e-b812-2d7e45333ad3/tasks/4bcd03e6-e24d-4155-8619-79a6b53e7727 params: {} body: {}
[32minfo[39m:    GET url: /boards/c6327a82-8b05-4a4e-b812-2d7e45333ad3/tasks/84b382e3-72c3-44cd-ba63-f37a7d944f62 params: {} body: {}
[32minfo[39m:    GET url: /boards/c6327a82-8b05-4a4e-b812-2d7e45333ad3/tasks/33c8d2f9-1581-4ed7-bf41-c01676a4eb0a params: {} body: {}
[32minfo[39m:    GET url: /boards/c6327a82-8b05-4a4e-b812-2d7e45333ad3/tasks/cd686bd4-5c78-4958-9f81-d012e6ce20a1 params: {} body: {}
[32minfo[39m:    GET url: /boards/c6327a82-8b05-4a4e-b812-2d7e45333ad3/tasks/9275659d-8716-4bea-8c18-d489cb68f7f6 params: {} body: {}
[32minfo[39m:    DELETE url: /boards/c6327a82-8b05-4a4e-b812-2d7e45333ad3 params: {} body: {}
[32minfo[39m:    GET url: /boards/c6327a82-8b05-4a4e-b812-2d7e45333ad3/tasks/33c8d2f9-1581-4ed7-bf41-c01676a4eb0a params: {} body: {}
[32minfo[39m:    GET url: /boards/c6327a82-8b05-4a4e-b812-2d7e45333ad3/tasks/cd686bd4-5c78-4958-9f81-d012e6ce20a1 params: {} body: {}
[32minfo[39m:    GET url: /boards/c6327a82-8b05-4a4e-b812-2d7e45333ad3/tasks/84b382e3-72c3-44cd-ba63-f37a7d944f62 params: {} body: {}
[32minfo[39m:    GET url: /boards/c6327a82-8b05-4a4e-b812-2d7e45333ad3/tasks/9275659d-8716-4bea-8c18-d489cb68f7f6 params: {} body: {}
[32minfo[39m:    GET url: /boards/c6327a82-8b05-4a4e-b812-2d7e45333ad3/tasks/4bcd03e6-e24d-4155-8619-79a6b53e7727 params: {} body: {}
[32minfo[39m:    POST url: /boards params: {} body: {"title":"Autotest board","columns":[{"title":"Backlog","order":1},{"title":"Sprint","order":2}]}
[32minfo[39m:    POST url: /boards/92bddc31-6356-4a83-9875-441465b502a6/tasks params: {} body: {"title":"Autotest task","order":0,"description":"Lorem ipsum","userId":null,"boardId":null,"columnId":null}
[32minfo[39m:    GET url: /boards/92bddc31-6356-4a83-9875-441465b502a6/tasks params: {} body: {}
[32minfo[39m:    GET url: /boards/92bddc31-6356-4a83-9875-441465b502a6/tasks params: {} body: {}
[32minfo[39m:    GET url: /boards/92bddc31-6356-4a83-9875-441465b502a6/tasks/72c7756b-508b-4c6b-8976-b6eea0ef806b params: {} body: {}
[32minfo[39m:    POST url: /boards/92bddc31-6356-4a83-9875-441465b502a6/tasks params: {} body: {"title":"Autotest task","order":0,"description":"Lorem ipsum","userId":null,"boardId":null,"columnId":null}
[32minfo[39m:    DELETE url: /boards/92bddc31-6356-4a83-9875-441465b502a6/tasks/041cefc0-1519-4dbc-8de1-dee9c5e82a06 params: {} body: {}
[32minfo[39m:    POST url: /boards/92bddc31-6356-4a83-9875-441465b502a6/tasks params: {} body: {"title":"Autotest task","order":0,"description":"Lorem ipsum","userId":null,"boardId":null,"columnId":null}
[32minfo[39m:    PUT url: /boards/92bddc31-6356-4a83-9875-441465b502a6/tasks/35997725-e1b1-4bd4-9203-63d2324d1bd9 params: {} body: {"id":"35997725-e1b1-4bd4-9203-63d2324d1bd9","title":"Autotest updated task","order":0,"description":"Lorem ipsum","userId":null,"boardId":"92bddc31-6356-4a83-9875-441465b502a6","columnId":null}
[32minfo[39m:    GET url: /boards/92bddc31-6356-4a83-9875-441465b502a6/tasks/35997725-e1b1-4bd4-9203-63d2324d1bd9 params: {} body: {}
[32minfo[39m:    GET url: /boards/92bddc31-6356-4a83-9875-441465b502a6/tasks/72c7756b-508b-4c6b-8976-b6eea0ef806b params: {} body: {}
[32minfo[39m:    DELETE url: /boards/92bddc31-6356-4a83-9875-441465b502a6/tasks/72c7756b-508b-4c6b-8976-b6eea0ef806b params: {} body: {}
[32minfo[39m:    GET url: /boards/92bddc31-6356-4a83-9875-441465b502a6/tasks/72c7756b-508b-4c6b-8976-b6eea0ef806b params: {} body: {}
[32minfo[39m:    DELETE url: /boards/92bddc31-6356-4a83-9875-441465b502a6 params: {} body: {}
[32minfo[39m:    GET url: /users params: {} body: {}
[32minfo[39m:    POST url: /users params: {} body: {"name":"TEST_USER","login":"test_user","password":"T35t_P@55w0rd"}
[32minfo[39m:    GET url: /users/cab995d3-7db4-4ca8-b37b-80a35b609690 params: {} body: {}
[32minfo[39m:    POST url: /users params: {} body: {"name":"TEST_USER","login":"test_user","password":"T35t_P@55w0rd"}
[32minfo[39m:    DELETE url: /users/2b3d6f77-b9da-47b9-91da-0d5c139684a4 params: {} body: {}
[31merror[39m:   CODE 500: 
[32minfo[39m:    POST url: /users params: {} body: {"name":"TEST_USER","login":"test_user","password":"T35t_P@55w0rd"}
[32minfo[39m:    PUT url: /users/4215b32c-c9b8-42a7-a1fe-63f42cc99500 params: {} body: {"name":"Autotest updated TEST_USER","login":"test_user","password":"T35t_P@55w0rd","id":"4215b32c-c9b8-42a7-a1fe-63f42cc99500"}
[32minfo[39m:    GET url: /users/4215b32c-c9b8-42a7-a1fe-63f42cc99500 params: {} body: {}
[32minfo[39m:    DELETE url: /users/4215b32c-c9b8-42a7-a1fe-63f42cc99500 params: {} body: {}
[31merror[39m:   CODE 500: 
[32minfo[39m:    POST url: /users params: {} body: {"name":"TEST_USER","login":"test_user","password":"T35t_P@55w0rd"}
[32minfo[39m:    DELETE url: /users/1683d661-5de0-4af6-b20c-7652a245d734 params: {} body: {}
[31merror[39m:   CODE 500: 
[32minfo[39m:    POST url: /users params: {} body: {"name":"TEST_USER","login":"test_user","password":"T35t_P@55w0rd"}
[32minfo[39m:    POST url: /boards params: {} body: {"title":"Autotest board","columns":[{"title":"Backlog","order":1},{"title":"Sprint","order":2}]}
[32minfo[39m:    POST url: /boards/c245e529-7d24-4032-87f1-65eab450c7f6/tasks params: {} body: {"title":"Task #1","order":1,"description":"Lorem ipsum","userId":"81d22c97-0dda-45c2-b1dd-e9c9b1a03ebb","boardId":"c245e529-7d24-4032-87f1-65eab450c7f6"}
[32minfo[39m:    POST url: /boards/c245e529-7d24-4032-87f1-65eab450c7f6/tasks params: {} body: {"title":"Task #2","order":2,"description":"Lorem ipsum","userId":"81d22c97-0dda-45c2-b1dd-e9c9b1a03ebb","boardId":"c245e529-7d24-4032-87f1-65eab450c7f6"}
[32minfo[39m:    DELETE url: /users/81d22c97-0dda-45c2-b1dd-e9c9b1a03ebb params: {} body: {}
[31merror[39m:   CODE 500: 
[32minfo[39m:    POST url: /boards params: {} body: {"title":"Autotest board","columns":[{"title":"Backlog","order":1},{"title":"Sprint","order":2}]}
[32minfo[39m:    POST url: /boards/a78253fb-a76e-4a61-8092-e4090961b304/tasks params: {} body: {"title":"Autotest task","order":0,"description":"Lorem ipsum","userId":null,"boardId":null,"columnId":null}
[32minfo[39m:    GET url: /boards/a78253fb-a76e-4a61-8092-e4090961b304/tasks params: {} body: {}
[32minfo[39m:    GET url: /boards/a78253fb-a76e-4a61-8092-e4090961b304/tasks params: {} body: {}
[32minfo[39m:    GET url: /boards/a78253fb-a76e-4a61-8092-e4090961b304/tasks/f215fb46-177d-4ef7-a7eb-f4b9c2e98211 params: {} body: {}
[32minfo[39m:    POST url: /boards/a78253fb-a76e-4a61-8092-e4090961b304/tasks params: {} body: {"title":"Autotest task","order":0,"description":"Lorem ipsum","userId":null,"boardId":null,"columnId":null}
[32minfo[39m:    DELETE url: /boards/a78253fb-a76e-4a61-8092-e4090961b304/tasks/9301f044-d1b3-417f-912b-b2242efa1b12 params: {} body: {}
[32minfo[39m:    POST url: /boards/a78253fb-a76e-4a61-8092-e4090961b304/tasks params: {} body: {"title":"Autotest task","order":0,"description":"Lorem ipsum","userId":null,"boardId":null,"columnId":null}
[32minfo[39m:    PUT url: /boards/a78253fb-a76e-4a61-8092-e4090961b304/tasks/119c76d6-8370-4d2f-b082-db9af15e0245 params: {} body: {"id":"119c76d6-8370-4d2f-b082-db9af15e0245","title":"Autotest updated task","order":0,"description":"Lorem ipsum","userId":null,"boardId":"a78253fb-a76e-4a61-8092-e4090961b304","columnId":null}
[32minfo[39m:    GET url: /boards/a78253fb-a76e-4a61-8092-e4090961b304/tasks/119c76d6-8370-4d2f-b082-db9af15e0245 params: {} body: {}
[32minfo[39m:    GET url: /boards/a78253fb-a76e-4a61-8092-e4090961b304/tasks/f215fb46-177d-4ef7-a7eb-f4b9c2e98211 params: {} body: {}
[32minfo[39m:    DELETE url: /boards/a78253fb-a76e-4a61-8092-e4090961b304/tasks/f215fb46-177d-4ef7-a7eb-f4b9c2e98211 params: {} body: {}
[32minfo[39m:    GET url: /boards/a78253fb-a76e-4a61-8092-e4090961b304/tasks/f215fb46-177d-4ef7-a7eb-f4b9c2e98211 params: {} body: {}
[32minfo[39m:    DELETE url: /boards/a78253fb-a76e-4a61-8092-e4090961b304 params: {} body: {}
[32minfo[39m:    POST url: /boards params: {} body: {"title":"Autotest board","columns":[{"title":"Backlog","order":1},{"title":"Sprint","order":2}]}
[32minfo[39m:    GET url: /boards params: {} body: {}
[32minfo[39m:    GET url: /boards params: {} body: {}
[32minfo[39m:    GET url: /boards/c245e529-7d24-4032-87f1-65eab450c7f6 params: {} body: {}
[32minfo[39m:    POST url: /boards params: {} body: {"title":"Autotest board","columns":[{"title":"Backlog","order":1},{"title":"Sprint","order":2}]}
[32minfo[39m:    DELETE url: /boards/7f254c69-1dbf-4407-ba38-2132fc07c523 params: {} body: {}
[32minfo[39m:    POST url: /boards params: {} body: {"title":"Autotest board","columns":[{"title":"Backlog","order":1},{"title":"Sprint","order":2}]}
[32minfo[39m:    PUT url: /boards/2d9b35fd-da47-4236-b323-5fa5d7879758 params: {} body: {"id":"2d9b35fd-da47-4236-b323-5fa5d7879758","title":"Autotest updated board","columns":[{"title":"Backlog","order":1},{"title":"Sprint","order":2}]}
[32minfo[39m:    GET url: /boards/2d9b35fd-da47-4236-b323-5fa5d7879758 params: {} body: {}
[32minfo[39m:    DELETE url: /boards/2d9b35fd-da47-4236-b323-5fa5d7879758 params: {} body: {}
[32minfo[39m:    GET url: /boards params: {} body: {}
[32minfo[39m:    DELETE url: /boards/c245e529-7d24-4032-87f1-65eab450c7f6 params: {} body: {}
[32minfo[39m:    GET url: /boards/c245e529-7d24-4032-87f1-65eab450c7f6 params: {} body: {}
[32minfo[39m:    POST url: /boards params: {} body: {"title":"Autotest board","columns":[{"title":"Backlog","order":1},{"title":"Sprint","order":2}]}
[32minfo[39m:    POST url: /boards/81e3f894-d176-466b-84ce-8b10fc23b901/tasks params: {} body: {"title":"Task #1","order":1,"description":"Lorem ipsum","boardId":"81e3f894-d176-466b-84ce-8b10fc23b901","userId":null,"columnId":null}
[32minfo[39m:    POST url: /boards/81e3f894-d176-466b-84ce-8b10fc23b901/tasks params: {} body: {"title":"Task #3","order":3,"description":"Lorem ipsum","boardId":"81e3f894-d176-466b-84ce-8b10fc23b901","userId":null,"columnId":null}
[32minfo[39m:    POST url: /boards/81e3f894-d176-466b-84ce-8b10fc23b901/tasks params: {} body: {"title":"Task #2","order":2,"description":"Lorem ipsum","boardId":"81e3f894-d176-466b-84ce-8b10fc23b901","userId":null,"columnId":null}
[32minfo[39m:    POST url: /boards/81e3f894-d176-466b-84ce-8b10fc23b901/tasks params: {} body: {"title":"Task #4","order":4,"description":"Lorem ipsum","boardId":"81e3f894-d176-466b-84ce-8b10fc23b901","userId":null,"columnId":null}
[32minfo[39m:    POST url: /boards/81e3f894-d176-466b-84ce-8b10fc23b901/tasks params: {} body: {"title":"Task #5","order":5,"description":"Lorem ipsum","boardId":"81e3f894-d176-466b-84ce-8b10fc23b901","userId":null,"columnId":null}
[32minfo[39m:    GET url: /boards/81e3f894-d176-466b-84ce-8b10fc23b901/tasks/74102ed6-4af9-4a9f-b29c-cb736095786e params: {} body: {}
[32minfo[39m:    GET url: /boards/81e3f894-d176-466b-84ce-8b10fc23b901/tasks/eb889f46-03f5-4cd4-8db8-22df078a07ce params: {} body: {}
[32minfo[39m:    GET url: /boards/81e3f894-d176-466b-84ce-8b10fc23b901/tasks/654ee7df-0b18-4818-a49a-5e791524518e params: {} body: {}
[32minfo[39m:    GET url: /boards/81e3f894-d176-466b-84ce-8b10fc23b901/tasks/137990ff-d332-4022-91bb-8d5e2f4392fe params: {} body: {}
[32minfo[39m:    GET url: /boards/81e3f894-d176-466b-84ce-8b10fc23b901/tasks/180dde89-29e0-497c-968b-b1eea12ffbdd params: {} body: {}
[32minfo[39m:    DELETE url: /boards/81e3f894-d176-466b-84ce-8b10fc23b901 params: {} body: {}
[32minfo[39m:    GET url: /boards/81e3f894-d176-466b-84ce-8b10fc23b901/tasks/eb889f46-03f5-4cd4-8db8-22df078a07ce params: {} body: {}
[32minfo[39m:    GET url: /boards/81e3f894-d176-466b-84ce-8b10fc23b901/tasks/74102ed6-4af9-4a9f-b29c-cb736095786e params: {} body: {}
[32minfo[39m:    GET url: /boards/81e3f894-d176-466b-84ce-8b10fc23b901/tasks/654ee7df-0b18-4818-a49a-5e791524518e params: {} body: {}
[32minfo[39m:    GET url: /boards/81e3f894-d176-466b-84ce-8b10fc23b901/tasks/180dde89-29e0-497c-968b-b1eea12ffbdd params: {} body: {}
[32minfo[39m:    GET url: /boards/81e3f894-d176-466b-84ce-8b10fc23b901/tasks/137990ff-d332-4022-91bb-8d5e2f4392fe params: {} body: {}
[32minfo[39m:    GET url: /users params: {} body: {}
[32minfo[39m:    POST url: /users params: {} body: {"name":"TEST_USER","login":"test_user","password":"T35t_P@55w0rd"}
[32minfo[39m:    GET url: /users/a469a4d2-1661-4e66-a7ac-351123b583dd params: {} body: {}
[32minfo[39m:    POST url: /users params: {} body: {"name":"TEST_USER","login":"test_user","password":"T35t_P@55w0rd"}
[32minfo[39m:    DELETE url: /users/17ec0b5e-2203-4889-8d76-66bc610f7571 params: {} body: {}
[31merror[39m:   CODE 500: 
[32minfo[39m:    POST url: /users params: {} body: {"name":"TEST_USER","login":"test_user","password":"T35t_P@55w0rd"}
[32minfo[39m:    PUT url: /users/2cc491b1-6733-4a14-9a0c-1bd1fffc9055 params: {} body: {"name":"Autotest updated TEST_USER","login":"test_user","password":"T35t_P@55w0rd","id":"2cc491b1-6733-4a14-9a0c-1bd1fffc9055"}
[32minfo[39m:    GET url: /users/2cc491b1-6733-4a14-9a0c-1bd1fffc9055 params: {} body: {}
[32minfo[39m:    DELETE url: /users/2cc491b1-6733-4a14-9a0c-1bd1fffc9055 params: {} body: {}
[31merror[39m:   CODE 500: 
[32minfo[39m:    POST url: /users params: {} body: {"name":"TEST_USER","login":"test_user","password":"T35t_P@55w0rd"}
[32minfo[39m:    DELETE url: /users/59e85d7e-0db8-4656-ac97-3db1176dc5fa params: {} body: {}
[31merror[39m:   CODE 500: 
[32minfo[39m:    POST url: /users params: {} body: {"name":"TEST_USER","login":"test_user","password":"T35t_P@55w0rd"}
[32minfo[39m:    POST url: /boards params: {} body: {"title":"Autotest board","columns":[{"title":"Backlog","order":1},{"title":"Sprint","order":2}]}
[32minfo[39m:    POST url: /boards/8e50fc9b-c3a3-450d-8494-849afc5a4f70/tasks params: {} body: {"title":"Task #1","order":1,"description":"Lorem ipsum","userId":"ea495abe-4b0d-4604-9fbe-92783d0325e3","boardId":"8e50fc9b-c3a3-450d-8494-849afc5a4f70"}
[32minfo[39m:    POST url: /boards/8e50fc9b-c3a3-450d-8494-849afc5a4f70/tasks params: {} body: {"title":"Task #2","order":2,"description":"Lorem ipsum","userId":"ea495abe-4b0d-4604-9fbe-92783d0325e3","boardId":"8e50fc9b-c3a3-450d-8494-849afc5a4f70"}
[32minfo[39m:    DELETE url: /users/ea495abe-4b0d-4604-9fbe-92783d0325e3 params: {} body: {}
[31merror[39m:   CODE 500: 
[32minfo[39m:    POST url: /boards params: {} body: {"title":"Autotest board","columns":[{"title":"Backlog","order":1},{"title":"Sprint","order":2}]}
[32minfo[39m:    POST url: /boards/b3543f35-dec7-43a6-95cf-2e184c29b0d5/tasks params: {} body: {"title":"Autotest task","order":0,"description":"Lorem ipsum","userId":null,"boardId":null,"columnId":null}
[32minfo[39m:    GET url: /boards/b3543f35-dec7-43a6-95cf-2e184c29b0d5/tasks params: {} body: {}
[32minfo[39m:    GET url: /boards/b3543f35-dec7-43a6-95cf-2e184c29b0d5/tasks params: {} body: {}
[32minfo[39m:    GET url: /boards/b3543f35-dec7-43a6-95cf-2e184c29b0d5/tasks/6acce959-4559-44b2-9890-36a6b0e0728a params: {} body: {}
[32minfo[39m:    POST url: /boards/b3543f35-dec7-43a6-95cf-2e184c29b0d5/tasks params: {} body: {"title":"Autotest task","order":0,"description":"Lorem ipsum","userId":null,"boardId":null,"columnId":null}
[32minfo[39m:    DELETE url: /boards/b3543f35-dec7-43a6-95cf-2e184c29b0d5/tasks/77813b4f-6971-467e-b498-bdefb9779401 params: {} body: {}
[32minfo[39m:    POST url: /boards/b3543f35-dec7-43a6-95cf-2e184c29b0d5/tasks params: {} body: {"title":"Autotest task","order":0,"description":"Lorem ipsum","userId":null,"boardId":null,"columnId":null}
[32minfo[39m:    PUT url: /boards/b3543f35-dec7-43a6-95cf-2e184c29b0d5/tasks/1d2637f7-33d4-43a5-a30e-7770c609788f params: {} body: {"id":"1d2637f7-33d4-43a5-a30e-7770c609788f","title":"Autotest updated task","order":0,"description":"Lorem ipsum","userId":null,"boardId":"b3543f35-dec7-43a6-95cf-2e184c29b0d5","columnId":null}
[32minfo[39m:    GET url: /boards/b3543f35-dec7-43a6-95cf-2e184c29b0d5/tasks/1d2637f7-33d4-43a5-a30e-7770c609788f params: {} body: {}
[32minfo[39m:    GET url: /boards/b3543f35-dec7-43a6-95cf-2e184c29b0d5/tasks/6acce959-4559-44b2-9890-36a6b0e0728a params: {} body: {}
[32minfo[39m:    DELETE url: /boards/b3543f35-dec7-43a6-95cf-2e184c29b0d5/tasks/6acce959-4559-44b2-9890-36a6b0e0728a params: {} body: {}
[32minfo[39m:    GET url: /boards/b3543f35-dec7-43a6-95cf-2e184c29b0d5/tasks/6acce959-4559-44b2-9890-36a6b0e0728a params: {} body: {}
[32minfo[39m:    DELETE url: /boards/b3543f35-dec7-43a6-95cf-2e184c29b0d5 params: {} body: {}
[32minfo[39m:    POST url: /boards params: {} body: {"title":"Autotest board","columns":[{"title":"Backlog","order":1},{"title":"Sprint","order":2}]}
[32minfo[39m:    GET url: /boards params: {} body: {}
[32minfo[39m:    GET url: /boards params: {} body: {}
[32minfo[39m:    GET url: /boards/8e50fc9b-c3a3-450d-8494-849afc5a4f70 params: {} body: {}
[32minfo[39m:    POST url: /boards params: {} body: {"title":"Autotest board","columns":[{"title":"Backlog","order":1},{"title":"Sprint","order":2}]}
[32minfo[39m:    DELETE url: /boards/73be76aa-0cb6-4faa-b0eb-8c956ab7cf12 params: {} body: {}
[32minfo[39m:    POST url: /boards params: {} body: {"title":"Autotest board","columns":[{"title":"Backlog","order":1},{"title":"Sprint","order":2}]}
[32minfo[39m:    PUT url: /boards/8e0bcd41-7009-4a7c-b91e-199e0482400d params: {} body: {"id":"8e0bcd41-7009-4a7c-b91e-199e0482400d","title":"Autotest updated board","columns":[{"title":"Backlog","order":1},{"title":"Sprint","order":2}]}
[32minfo[39m:    GET url: /boards/8e0bcd41-7009-4a7c-b91e-199e0482400d params: {} body: {}
[32minfo[39m:    DELETE url: /boards/8e0bcd41-7009-4a7c-b91e-199e0482400d params: {} body: {}
[32minfo[39m:    GET url: /boards params: {} body: {}
[32minfo[39m:    DELETE url: /boards/8e50fc9b-c3a3-450d-8494-849afc5a4f70 params: {} body: {}
[32minfo[39m:    GET url: /boards/8e50fc9b-c3a3-450d-8494-849afc5a4f70 params: {} body: {}
[32minfo[39m:    POST url: /boards params: {} body: {"title":"Autotest board","columns":[{"title":"Backlog","order":1},{"title":"Sprint","order":2}]}
[32minfo[39m:    POST url: /boards/e64b677c-d988-44c8-9143-c91b3f8bdbe5/tasks params: {} body: {"title":"Task #1","order":1,"description":"Lorem ipsum","boardId":"e64b677c-d988-44c8-9143-c91b3f8bdbe5","userId":null,"columnId":null}
[32minfo[39m:    POST url: /boards/e64b677c-d988-44c8-9143-c91b3f8bdbe5/tasks params: {} body: {"title":"Task #3","order":3,"description":"Lorem ipsum","boardId":"e64b677c-d988-44c8-9143-c91b3f8bdbe5","userId":null,"columnId":null}
[32minfo[39m:    POST url: /boards/e64b677c-d988-44c8-9143-c91b3f8bdbe5/tasks params: {} body: {"title":"Task #4","order":4,"description":"Lorem ipsum","boardId":"e64b677c-d988-44c8-9143-c91b3f8bdbe5","userId":null,"columnId":null}
[32minfo[39m:    POST url: /boards/e64b677c-d988-44c8-9143-c91b3f8bdbe5/tasks params: {} body: {"title":"Task #5","order":5,"description":"Lorem ipsum","boardId":"e64b677c-d988-44c8-9143-c91b3f8bdbe5","userId":null,"columnId":null}
[32minfo[39m:    POST url: /boards/e64b677c-d988-44c8-9143-c91b3f8bdbe5/tasks params: {} body: {"title":"Task #2","order":2,"description":"Lorem ipsum","boardId":"e64b677c-d988-44c8-9143-c91b3f8bdbe5","userId":null,"columnId":null}
[32minfo[39m:    GET url: /boards/e64b677c-d988-44c8-9143-c91b3f8bdbe5/tasks/e2aa0500-cf29-4f4d-b169-f4a61a0298be params: {} body: {}
[32minfo[39m:    GET url: /boards/e64b677c-d988-44c8-9143-c91b3f8bdbe5/tasks/e7292b4c-0581-4b05-b765-998cf0d691b0 params: {} body: {}
[32minfo[39m:    GET url: /boards/e64b677c-d988-44c8-9143-c91b3f8bdbe5/tasks/5a2b3d0c-1e5c-4db4-b3e5-0205029ccf8d params: {} body: {}
[32minfo[39m:    GET url: /boards/e64b677c-d988-44c8-9143-c91b3f8bdbe5/tasks/bc3c9127-caac-4a39-8194-37d100f6e833 params: {} body: {}
[32minfo[39m:    GET url: /boards/e64b677c-d988-44c8-9143-c91b3f8bdbe5/tasks/e0c21806-fad6-470b-95b0-3cd65b68da64 params: {} body: {}
[32minfo[39m:    DELETE url: /boards/e64b677c-d988-44c8-9143-c91b3f8bdbe5 params: {} body: {}
[32minfo[39m:    GET url: /boards/e64b677c-d988-44c8-9143-c91b3f8bdbe5/tasks/e7292b4c-0581-4b05-b765-998cf0d691b0 params: {} body: {}
[32minfo[39m:    GET url: /boards/e64b677c-d988-44c8-9143-c91b3f8bdbe5/tasks/5a2b3d0c-1e5c-4db4-b3e5-0205029ccf8d params: {} body: {}
[32minfo[39m:    GET url: /boards/e64b677c-d988-44c8-9143-c91b3f8bdbe5/tasks/bc3c9127-caac-4a39-8194-37d100f6e833 params: {} body: {}
[32minfo[39m:    GET url: /boards/e64b677c-d988-44c8-9143-c91b3f8bdbe5/tasks/e0c21806-fad6-470b-95b0-3cd65b68da64 params: {} body: {}
[32minfo[39m:    GET url: /boards/e64b677c-d988-44c8-9143-c91b3f8bdbe5/tasks/e2aa0500-cf29-4f4d-b169-f4a61a0298be params: {} body: {}
[31merror[39m:   unhandledRejection: bad auth Authentication failed.
[31merror[39m:   unhandledRejection: bad auth Authentication failed.
[32minfo[39m:    GET url: /users params: {} body: {}
[32minfo[39m:    POST url: /users params: {} body: {"name":"TEST_USER","login":"test_user","password":"T35t_P@55w0rd"}
[32minfo[39m:    GET url: /users/e0a01bdc-26fc-4f6e-802d-8f8c4d1b49c8 params: {} body: {}
[32minfo[39m:    DELETE url: /users/e0a01bdc-26fc-4f6e-802d-8f8c4d1b49c8 params: {} body: {}
[32minfo[39m:    POST url: /users params: {} body: {"name":"TEST_USER","login":"test_user","password":"T35t_P@55w0rd"}
[32minfo[39m:    DELETE url: /users/109815bf-eebe-4f80-8f25-573c4d31504c params: {} body: {}
[32minfo[39m:    POST url: /users params: {} body: {"name":"TEST_USER","login":"test_user","password":"T35t_P@55w0rd"}
[32minfo[39m:    PUT url: /users/f96b3012-71ff-4146-8311-0ed1c11562ac params: {} body: {"name":"Autotest updated TEST_USER","login":"test_user","password":"T35t_P@55w0rd","id":"f96b3012-71ff-4146-8311-0ed1c11562ac"}
[32minfo[39m:    GET url: /users/f96b3012-71ff-4146-8311-0ed1c11562ac params: {} body: {}
[32minfo[39m:    DELETE url: /users/f96b3012-71ff-4146-8311-0ed1c11562ac params: {} body: {}
[32minfo[39m:    POST url: /users params: {} body: {"name":"TEST_USER","login":"test_user","password":"T35t_P@55w0rd"}
[32minfo[39m:    DELETE url: /users/1eae6e43-100e-4d46-bff4-bcea044241a9 params: {} body: {}
[32minfo[39m:    POST url: /users params: {} body: {"name":"TEST_USER","login":"test_user","password":"T35t_P@55w0rd"}
[32minfo[39m:    POST url: /boards params: {} body: {"title":"Autotest board","columns":[{"title":"Backlog","order":1},{"title":"Sprint","order":2}]}
[31merror[39m:   CODE 500: boardsService.addBoard is not a function
[32minfo[39m:    POST url: /boards params: {} body: {"title":"Autotest board","columns":[{"title":"Backlog","order":1},{"title":"Sprint","order":2}]}
[31merror[39m:   CODE 500: boardsService.addBoard is not a function
[32minfo[39m:    GET url: /boards params: {} body: {}
[32minfo[39m:    GET url: /boards params: {} body: {}
[32minfo[39m:    POST url: /boards params: {} body: {"title":"Autotest board","columns":[{"title":"Backlog","order":1},{"title":"Sprint","order":2}]}
[31merror[39m:   CODE 500: boardsService.addBoard is not a function
[32minfo[39m:    POST url: /boards params: {} body: {"title":"Autotest board","columns":[{"title":"Backlog","order":1},{"title":"Sprint","order":2}]}
[31merror[39m:   CODE 500: boardsService.addBoard is not a function
[32minfo[39m:    PUT url: /boards/undefined params: {} body: {"title":"Autotest updated board"}
[32minfo[39m:    GET url: /boards/undefined params: {} body: {}
[31merror[39m:   CODE 500: Error! The board is not found.
[32minfo[39m:    POST url: /boards params: {} body: {"title":"Autotest board","columns":[{"title":"Backlog","order":1},{"title":"Sprint","order":2}]}
[31merror[39m:   CODE 500: boardsService.addBoard is not a function
[32minfo[39m:    POST url: /boards params: {} body: {"title":"Autotest board","columns":[{"title":"Backlog","order":1},{"title":"Sprint","order":2}]}
[31merror[39m:   CODE 500: boardsService.addBoard is not a function
[32minfo[39m:    DELETE url: /boards/undefined params: {} body: {}
[31merror[39m:   CODE 500: Error! Board was not found
[32minfo[39m:    POST url: /boards params: {} body: {"title":"Autotest board","columns":[{"title":"Backlog","order":1},{"title":"Sprint","order":2}]}
[31merror[39m:   CODE 500: boardsService.addBoard is not a function
[32minfo[39m:    POST url: /boards/undefined/tasks params: {} body: {"title":"Autotest task","order":0,"description":"Lorem ipsum","userId":null,"boardId":null,"columnId":null}
[31merror[39m:   CODE 500: tasksService.addTask is not a function
[32minfo[39m:    GET url: /boards/undefined/tasks params: {} body: {}
[32minfo[39m:    GET url: /boards/undefined/tasks params: {} body: {}
[32minfo[39m:    POST url: /boards/undefined/tasks params: {} body: {"title":"Autotest task","order":0,"description":"Lorem ipsum","userId":null,"boardId":null,"columnId":null}
[31merror[39m:   CODE 500: tasksService.addTask is not a function
[32minfo[39m:    POST url: /boards/undefined/tasks params: {} body: {"title":"Autotest task","order":0,"description":"Lorem ipsum","userId":null,"boardId":null,"columnId":null}
[31merror[39m:   CODE 500: tasksService.addTask is not a function
[32minfo[39m:    PUT url: /boards/undefined/tasks/undefined params: {} body: {"title":"Autotest updated task"}
[32minfo[39m:    GET url: /boards/undefined/tasks/undefined params: {} body: {}
[32minfo[39m:    GET url: /boards/undefined/tasks/undefined params: {} body: {}
[32minfo[39m:    DELETE url: /boards/undefined/tasks/undefined params: {} body: {}
[32minfo[39m:    GET url: /boards/undefined/tasks/undefined params: {} body: {}
[32minfo[39m:    DELETE url: /boards/undefined params: {} body: {}
[31merror[39m:   CODE 500: Error! Board was not found
[32minfo[39m:    GET url: /users params: {} body: {}
[32minfo[39m:    POST url: /users params: {} body: {"name":"TEST_USER","login":"test_user","password":"T35t_P@55w0rd"}
[32minfo[39m:    GET url: /users/bd87b32d-7bff-439c-a3d3-a31190136fc7 params: {} body: {}
[32minfo[39m:    DELETE url: /users/bd87b32d-7bff-439c-a3d3-a31190136fc7 params: {} body: {}
[32minfo[39m:    POST url: /users params: {} body: {"name":"TEST_USER","login":"test_user","password":"T35t_P@55w0rd"}
[32minfo[39m:    DELETE url: /users/99a0632f-7518-4742-8384-7a6c150de7ab params: {} body: {}
[32minfo[39m:    POST url: /users params: {} body: {"name":"TEST_USER","login":"test_user","password":"T35t_P@55w0rd"}
[32minfo[39m:    PUT url: /users/5245df5a-5acd-48aa-885a-a28cdcaf032c params: {} body: {"name":"Autotest updated TEST_USER","login":"test_user","password":"T35t_P@55w0rd","id":"5245df5a-5acd-48aa-885a-a28cdcaf032c"}
[32minfo[39m:    GET url: /users/5245df5a-5acd-48aa-885a-a28cdcaf032c params: {} body: {}
[32minfo[39m:    DELETE url: /users/5245df5a-5acd-48aa-885a-a28cdcaf032c params: {} body: {}
[32minfo[39m:    POST url: /users params: {} body: {"name":"TEST_USER","login":"test_user","password":"T35t_P@55w0rd"}
[32minfo[39m:    DELETE url: /users/c47f2b30-307f-4ca8-ab41-de86f54d986f params: {} body: {}
[32minfo[39m:    POST url: /users params: {} body: {"name":"TEST_USER","login":"test_user","password":"T35t_P@55w0rd"}
[32minfo[39m:    POST url: /boards params: {} body: {"title":"Autotest board","columns":[{"title":"Backlog","order":1},{"title":"Sprint","order":2}]}
[31merror[39m:   CODE 500: boardsService.addBoard is not a function
[32minfo[39m:    POST url: /boards params: {} body: {"title":"Autotest board","columns":[{"title":"Backlog","order":1},{"title":"Sprint","order":2}]}
[31merror[39m:   CODE 500: boardsService.addBoard is not a function
[32minfo[39m:    POST url: /boards/undefined/tasks params: {} body: {"title":"Autotest task","order":0,"description":"Lorem ipsum","userId":null,"boardId":null,"columnId":null}
[31merror[39m:   CODE 500: tasksService.addTask is not a function
[32minfo[39m:    GET url: /boards/undefined/tasks params: {} body: {}
[32minfo[39m:    GET url: /boards/undefined/tasks params: {} body: {}
[32minfo[39m:    POST url: /boards/undefined/tasks params: {} body: {"title":"Autotest task","order":0,"description":"Lorem ipsum","userId":null,"boardId":null,"columnId":null}
[31merror[39m:   CODE 500: tasksService.addTask is not a function
[32minfo[39m:    POST url: /boards/undefined/tasks params: {} body: {"title":"Autotest task","order":0,"description":"Lorem ipsum","userId":null,"boardId":null,"columnId":null}
[31merror[39m:   CODE 500: tasksService.addTask is not a function
[32minfo[39m:    PUT url: /boards/undefined/tasks/undefined params: {} body: {"title":"Autotest updated task"}
[32minfo[39m:    GET url: /boards/undefined/tasks/undefined params: {} body: {}
[32minfo[39m:    GET url: /boards/undefined/tasks/undefined params: {} body: {}
[32minfo[39m:    DELETE url: /boards/undefined/tasks/undefined params: {} body: {}
[32minfo[39m:    GET url: /boards/undefined/tasks/undefined params: {} body: {}
[32minfo[39m:    DELETE url: /boards/undefined params: {} body: {}
[31merror[39m:   CODE 500: Error! Board was not found
[32minfo[39m:    POST url: /boards params: {} body: {"title":"Autotest board","columns":[{"title":"Backlog","order":1},{"title":"Sprint","order":2}]}
[31merror[39m:   CODE 500: boardsService.addBoard is not a function
[32minfo[39m:    GET url: /boards params: {} body: {}
[32minfo[39m:    GET url: /boards params: {} body: {}
[32minfo[39m:    POST url: /boards params: {} body: {"title":"Autotest board","columns":[{"title":"Backlog","order":1},{"title":"Sprint","order":2}]}
[31merror[39m:   CODE 500: boardsService.addBoard is not a function
[32minfo[39m:    POST url: /boards params: {} body: {"title":"Autotest board","columns":[{"title":"Backlog","order":1},{"title":"Sprint","order":2}]}
[31merror[39m:   CODE 500: boardsService.addBoard is not a function
[32minfo[39m:    PUT url: /boards/undefined params: {} body: {"title":"Autotest updated board"}
[32minfo[39m:    GET url: /boards/undefined params: {} body: {}
[31merror[39m:   CODE 500: Error! The board is not found.
[32minfo[39m:    POST url: /boards params: {} body: {"title":"Autotest board","columns":[{"title":"Backlog","order":1},{"title":"Sprint","order":2}]}
[31merror[39m:   CODE 500: boardsService.addBoard is not a function
[32minfo[39m:    POST url: /boards params: {} body: {"title":"Autotest board","columns":[{"title":"Backlog","order":1},{"title":"Sprint","order":2}]}
[31merror[39m:   CODE 500: boardsService.addBoard is not a function
[32minfo[39m:    DELETE url: /boards/undefined params: {} body: {}
[31merror[39m:   CODE 500: Error! Board was not found
[32minfo[39m:    GET url: /users params: {} body: {}
[32minfo[39m:    POST url: /users params: {} body: {"name":"TEST_USER","login":"test_user","password":"T35t_P@55w0rd"}
[32minfo[39m:    GET url: /users/a403b02b-2f5d-4f26-94e5-d0e33ed561ae params: {} body: {}
[32minfo[39m:    DELETE url: /users/a403b02b-2f5d-4f26-94e5-d0e33ed561ae params: {} body: {}
[32minfo[39m:    POST url: /users params: {} body: {"name":"TEST_USER","login":"test_user","password":"T35t_P@55w0rd"}
[32minfo[39m:    DELETE url: /users/062af6e5-03a2-4937-9165-9ecca10fa776 params: {} body: {}
[32minfo[39m:    POST url: /users params: {} body: {"name":"TEST_USER","login":"test_user","password":"T35t_P@55w0rd"}
[32minfo[39m:    PUT url: /users/5294790f-3813-46dd-a6df-51e8ee7c1452 params: {} body: {"name":"Autotest updated TEST_USER","login":"test_user","password":"T35t_P@55w0rd","id":"5294790f-3813-46dd-a6df-51e8ee7c1452"}
[32minfo[39m:    GET url: /users/5294790f-3813-46dd-a6df-51e8ee7c1452 params: {} body: {}
[32minfo[39m:    DELETE url: /users/5294790f-3813-46dd-a6df-51e8ee7c1452 params: {} body: {}
[32minfo[39m:    POST url: /users params: {} body: {"name":"TEST_USER","login":"test_user","password":"T35t_P@55w0rd"}
[32minfo[39m:    DELETE url: /users/3a7d2849-dfd9-4516-a759-df6393f705ea params: {} body: {}
[32minfo[39m:    POST url: /users params: {} body: {"name":"TEST_USER","login":"test_user","password":"T35t_P@55w0rd"}
[32minfo[39m:    POST url: /boards params: {} body: {"title":"Autotest board","columns":[{"title":"Backlog","order":1},{"title":"Sprint","order":2}]}
[31merror[39m:   CODE 500: boardsService.addBoard is not a function
[32minfo[39m:    POST url: /boards params: {} body: {"title":"Autotest board","columns":[{"title":"Backlog","order":1},{"title":"Sprint","order":2}]}
[31merror[39m:   CODE 500: boardsService.addBoard is not a function
[32minfo[39m:    POST url: /boards/undefined/tasks params: {} body: {"title":"Autotest task","order":0,"description":"Lorem ipsum","userId":null,"boardId":null,"columnId":null}
[31merror[39m:   CODE 500: tasksService.addTask is not a function
[32minfo[39m:    GET url: /boards/undefined/tasks params: {} body: {}
[32minfo[39m:    GET url: /boards/undefined/tasks params: {} body: {}
[32minfo[39m:    POST url: /boards/undefined/tasks params: {} body: {"title":"Autotest task","order":0,"description":"Lorem ipsum","userId":null,"boardId":null,"columnId":null}
[31merror[39m:   CODE 500: tasksService.addTask is not a function
[32minfo[39m:    POST url: /boards/undefined/tasks params: {} body: {"title":"Autotest task","order":0,"description":"Lorem ipsum","userId":null,"boardId":null,"columnId":null}
[31merror[39m:   CODE 500: tasksService.addTask is not a function
[32minfo[39m:    PUT url: /boards/undefined/tasks/undefined params: {} body: {"title":"Autotest updated task"}
[32minfo[39m:    GET url: /boards/undefined/tasks/undefined params: {} body: {}
[32minfo[39m:    GET url: /boards/undefined/tasks/undefined params: {} body: {}
[32minfo[39m:    DELETE url: /boards/undefined/tasks/undefined params: {} body: {}
[32minfo[39m:    GET url: /boards/undefined/tasks/undefined params: {} body: {}
[32minfo[39m:    DELETE url: /boards/undefined params: {} body: {}
[31merror[39m:   CODE 500: Error! Board was not found
[32minfo[39m:    POST url: /boards params: {} body: {"title":"Autotest board","columns":[{"title":"Backlog","order":1},{"title":"Sprint","order":2}]}
[31merror[39m:   CODE 500: boardsService.addBoard is not a function
[32minfo[39m:    GET url: /boards params: {} body: {}
[32minfo[39m:    GET url: /boards params: {} body: {}
[32minfo[39m:    POST url: /boards params: {} body: {"title":"Autotest board","columns":[{"title":"Backlog","order":1},{"title":"Sprint","order":2}]}
[31merror[39m:   CODE 500: boardsService.addBoard is not a function
[32minfo[39m:    POST url: /boards params: {} body: {"title":"Autotest board","columns":[{"title":"Backlog","order":1},{"title":"Sprint","order":2}]}
[31merror[39m:   CODE 500: boardsService.addBoard is not a function
[32minfo[39m:    PUT url: /boards/undefined params: {} body: {"title":"Autotest updated board"}
[32minfo[39m:    GET url: /boards/undefined params: {} body: {}
[31merror[39m:   CODE 500: Error! The board is not found.
[32minfo[39m:    POST url: /boards params: {} body: {"title":"Autotest board","columns":[{"title":"Backlog","order":1},{"title":"Sprint","order":2}]}
[31merror[39m:   CODE 500: boardsService.addBoard is not a function
[32minfo[39m:    POST url: /boards params: {} body: {"title":"Autotest board","columns":[{"title":"Backlog","order":1},{"title":"Sprint","order":2}]}
[31merror[39m:   CODE 500: boardsService.addBoard is not a function
[32minfo[39m:    DELETE url: /boards/undefined params: {} body: {}
[31merror[39m:   CODE 500: Error! Board was not found
[32minfo[39m:    GET url: /users params: {} body: {}
[32minfo[39m:    POST url: /users params: {} body: {"name":"TEST_USER","login":"test_user","password":"T35t_P@55w0rd"}
[32minfo[39m:    GET url: /users/d8f7ba51-c582-4707-a122-f108f1f72fea params: {} body: {}
[32minfo[39m:    DELETE url: /users/d8f7ba51-c582-4707-a122-f108f1f72fea params: {} body: {}
[32minfo[39m:    POST url: /users params: {} body: {"name":"TEST_USER","login":"test_user","password":"T35t_P@55w0rd"}
[32minfo[39m:    DELETE url: /users/15cbc910-b134-4e73-ab5b-51ebd65823cd params: {} body: {}
[32minfo[39m:    POST url: /users params: {} body: {"name":"TEST_USER","login":"test_user","password":"T35t_P@55w0rd"}
[32minfo[39m:    PUT url: /users/75b857de-0641-4a75-9334-952727b30b2c params: {} body: {"name":"Autotest updated TEST_USER","login":"test_user","password":"T35t_P@55w0rd","id":"75b857de-0641-4a75-9334-952727b30b2c"}
[32minfo[39m:    GET url: /users/75b857de-0641-4a75-9334-952727b30b2c params: {} body: {}
[32minfo[39m:    DELETE url: /users/75b857de-0641-4a75-9334-952727b30b2c params: {} body: {}
[32minfo[39m:    POST url: /users params: {} body: {"name":"TEST_USER","login":"test_user","password":"T35t_P@55w0rd"}
[32minfo[39m:    DELETE url: /users/f08bf999-033f-481b-baae-ca00c5a49c75 params: {} body: {}
[32minfo[39m:    POST url: /users params: {} body: {"name":"TEST_USER","login":"test_user","password":"T35t_P@55w0rd"}
[32minfo[39m:    POST url: /boards params: {} body: {"title":"Autotest board","columns":[{"title":"Backlog","order":1},{"title":"Sprint","order":2}]}
[31merror[39m:   CODE 500: boardsService.addBoard is not a function
[32minfo[39m:    POST url: /boards params: {} body: {"title":"Autotest board","columns":[{"title":"Backlog","order":1},{"title":"Sprint","order":2}]}
[31merror[39m:   CODE 500: boardsService.addBoard is not a function
[32minfo[39m:    POST url: /boards/undefined/tasks params: {} body: {"title":"Autotest task","order":0,"description":"Lorem ipsum","userId":null,"boardId":null,"columnId":null}
[31merror[39m:   CODE 500: tasksService.addTask is not a function
[32minfo[39m:    GET url: /boards/undefined/tasks params: {} body: {}
[32minfo[39m:    GET url: /boards/undefined/tasks params: {} body: {}
[32minfo[39m:    POST url: /boards/undefined/tasks params: {} body: {"title":"Autotest task","order":0,"description":"Lorem ipsum","userId":null,"boardId":null,"columnId":null}
[31merror[39m:   CODE 500: tasksService.addTask is not a function
[32minfo[39m:    POST url: /boards/undefined/tasks params: {} body: {"title":"Autotest task","order":0,"description":"Lorem ipsum","userId":null,"boardId":null,"columnId":null}
[31merror[39m:   CODE 500: tasksService.addTask is not a function
[32minfo[39m:    PUT url: /boards/undefined/tasks/undefined params: {} body: {"title":"Autotest updated task"}
[32minfo[39m:    GET url: /boards/undefined/tasks/undefined params: {} body: {}
[32minfo[39m:    GET url: /boards/undefined/tasks/undefined params: {} body: {}
[32minfo[39m:    DELETE url: /boards/undefined/tasks/undefined params: {} body: {}
[32minfo[39m:    GET url: /boards/undefined/tasks/undefined params: {} body: {}
[32minfo[39m:    DELETE url: /boards/undefined params: {} body: {}
[31merror[39m:   CODE 500: Error! Board was not found
[32minfo[39m:    POST url: /boards params: {} body: {"title":"Autotest board","columns":[{"title":"Backlog","order":1},{"title":"Sprint","order":2}]}
[31merror[39m:   CODE 500: boardsService.addBoard is not a function
[32minfo[39m:    GET url: /boards params: {} body: {}
[32minfo[39m:    GET url: /boards params: {} body: {}
[32minfo[39m:    POST url: /boards params: {} body: {"title":"Autotest board","columns":[{"title":"Backlog","order":1},{"title":"Sprint","order":2}]}
[31merror[39m:   CODE 500: boardsService.addBoard is not a function
[32minfo[39m:    POST url: /boards params: {} body: {"title":"Autotest board","columns":[{"title":"Backlog","order":1},{"title":"Sprint","order":2}]}
[31merror[39m:   CODE 500: boardsService.addBoard is not a function
[32minfo[39m:    PUT url: /boards/undefined params: {} body: {"title":"Autotest updated board"}
[32minfo[39m:    GET url: /boards/undefined params: {} body: {}
[31merror[39m:   CODE 500: Error! The board is not found.
[32minfo[39m:    POST url: /boards params: {} body: {"title":"Autotest board","columns":[{"title":"Backlog","order":1},{"title":"Sprint","order":2}]}
[31merror[39m:   CODE 500: boardsService.addBoard is not a function
[32minfo[39m:    POST url: /boards params: {} body: {"title":"Autotest board","columns":[{"title":"Backlog","order":1},{"title":"Sprint","order":2}]}
[31merror[39m:   CODE 500: boardsService.addBoard is not a function
[32minfo[39m:    DELETE url: /boards/undefined params: {} body: {}
[31merror[39m:   CODE 500: Error! Board was not found
[32minfo[39m:    GET url: /users params: {} body: {}
[32minfo[39m:    POST url: /users params: {} body: {"name":"TEST_USER","login":"test_user","password":"T35t_P@55w0rd"}
[32minfo[39m:    GET url: /users/42359d15-f8b6-4348-9c9d-b59a21aaf895 params: {} body: {}
[32minfo[39m:    DELETE url: /users/42359d15-f8b6-4348-9c9d-b59a21aaf895 params: {} body: {}
[32minfo[39m:    POST url: /users params: {} body: {"name":"TEST_USER","login":"test_user","password":"T35t_P@55w0rd"}
[32minfo[39m:    DELETE url: /users/2bc3ebcd-1b5a-4654-92ef-642c599b3f4d params: {} body: {}
[32minfo[39m:    POST url: /users params: {} body: {"name":"TEST_USER","login":"test_user","password":"T35t_P@55w0rd"}
[32minfo[39m:    PUT url: /users/2df6d4aa-6a4a-47fd-bb03-3b3615c15061 params: {} body: {"name":"Autotest updated TEST_USER","login":"test_user","password":"T35t_P@55w0rd","id":"2df6d4aa-6a4a-47fd-bb03-3b3615c15061"}
[32minfo[39m:    GET url: /users/2df6d4aa-6a4a-47fd-bb03-3b3615c15061 params: {} body: {}
[32minfo[39m:    DELETE url: /users/2df6d4aa-6a4a-47fd-bb03-3b3615c15061 params: {} body: {}
[32minfo[39m:    POST url: /users params: {} body: {"name":"TEST_USER","login":"test_user","password":"T35t_P@55w0rd"}
[32minfo[39m:    DELETE url: /users/1cec272e-0ffc-4e5c-b15b-247181d066ed params: {} body: {}
[32minfo[39m:    POST url: /users params: {} body: {"name":"TEST_USER","login":"test_user","password":"T35t_P@55w0rd"}
[32minfo[39m:    POST url: /boards params: {} body: {"title":"Autotest board","columns":[{"title":"Backlog","order":1},{"title":"Sprint","order":2}]}
[32minfo[39m:    POST url: /boards params: {} body: {"title":"Autotest board","columns":[{"title":"Backlog","order":1},{"title":"Sprint","order":2}]}
[32minfo[39m:    GET url: /boards/undefined/tasks params: {} body: {}
[32minfo[39m:    GET url: /boards/undefined/tasks params: {} body: {}
[32minfo[39m:    POST url: /boards/undefined/tasks params: {} body: {"title":"Autotest task","order":0,"description":"Lorem ipsum","userId":null,"boardId":null,"columnId":null}
[32minfo[39m:    POST url: /boards/undefined/tasks params: {} body: {"title":"Autotest task","order":0,"description":"Lorem ipsum","userId":null,"boardId":null,"columnId":null}
[32minfo[39m:    GET url: /boards/undefined/tasks/undefined params: {} body: {}
[32minfo[39m:    DELETE url: /boards/undefined/tasks/undefined params: {} body: {}
[32minfo[39m:    GET url: /boards/undefined/tasks/undefined params: {} body: {}
[32minfo[39m:    DELETE url: /boards/undefined params: {} body: {}
[31merror[39m:   404: Error! Board was not found
[32minfo[39m:    POST url: /boards params: {} body: {"title":"Autotest board","columns":[{"title":"Backlog","order":1},{"title":"Sprint","order":2}]}
[32minfo[39m:    GET url: /boards params: {} body: {}
[32minfo[39m:    GET url: /boards params: {} body: {}
[32minfo[39m:    POST url: /boards params: {} body: {"title":"Autotest board","columns":[{"title":"Backlog","order":1},{"title":"Sprint","order":2}]}
[32minfo[39m:    POST url: /boards params: {} body: {"title":"Autotest board","columns":[{"title":"Backlog","order":1},{"title":"Sprint","order":2}]}
[32minfo[39m:    POST url: /boards params: {} body: {"title":"Autotest board","columns":[{"title":"Backlog","order":1},{"title":"Sprint","order":2}]}
[32minfo[39m:    POST url: /boards params: {} body: {"title":"Autotest board","columns":[{"title":"Backlog","order":1},{"title":"Sprint","order":2}]}
[32minfo[39m:    DELETE url: /boards/undefined params: {} body: {}
[31merror[39m:   404: Error! Board was not found
[32minfo[39m:    POST url: /boards params: {} body: {"title":"Autotest board","columns":[{"title":"Backlog","order":1},{"title":"Sprint","order":2}]}
[32minfo[39m:    GET url: /boards params: {} body: {}
[32minfo[39m:    GET url: /boards params: {} body: {}
[32minfo[39m:    GET url: /boards/755db13e-7222-4477-94d3-15bea5d638ac params: {} body: {}
[32minfo[39m:    POST url: /boards params: {} body: {"title":"Autotest board","columns":[{"title":"Backlog","order":1},{"title":"Sprint","order":2}]}
[32minfo[39m:    DELETE url: /boards/054fe565-b7dc-4efb-8e74-3df00efde602 params: {} body: {}
[32minfo[39m:    POST url: /boards params: {} body: {"title":"Autotest board","columns":[{"title":"Backlog","order":1},{"title":"Sprint","order":2}]}
[32minfo[39m:    PUT url: /boards/8b75645f-4cf4-4f81-aa50-79705bd8e8f1 params: {} body: {"title":"Autotest updated board","columns":[{"title":"Backlog","order":1},{"title":"Sprint","order":2}],"_id":"5e9ded105928c11af0826da7","id":"8b75645f-4cf4-4f81-aa50-79705bd8e8f1","__v":0}
[32minfo[39m:    GET url: /boards/8b75645f-4cf4-4f81-aa50-79705bd8e8f1 params: {} body: {}
[32minfo[39m:    DELETE url: /boards/8b75645f-4cf4-4f81-aa50-79705bd8e8f1 params: {} body: {}
[32minfo[39m:    POST url: /boards params: {} body: {"title":"Autotest board","columns":[{"title":"Backlog","order":1},{"title":"Sprint","order":2}]}
[32minfo[39m:    DELETE url: /boards/6d992f60-18bb-47a9-bda3-f9edbfd5cc5f params: {} body: {}
[32minfo[39m:    GET url: /boards/6d992f60-18bb-47a9-bda3-f9edbfd5cc5f params: {} body: {}
[32minfo[39m:    POST url: /boards params: {} body: {"title":"Autotest board","columns":[{"title":"Backlog","order":1},{"title":"Sprint","order":2}]}
[32minfo[39m:    POST url: /boards/7b8442ee-3943-47d2-8c21-6176c58dc09b/tasks params: {} body: {"title":"Task #2","order":2,"description":"Lorem ipsum","boardId":"7b8442ee-3943-47d2-8c21-6176c58dc09b","userId":null,"columnId":null}
[32minfo[39m:    POST url: /boards/7b8442ee-3943-47d2-8c21-6176c58dc09b/tasks params: {} body: {"title":"Task #1","order":1,"description":"Lorem ipsum","boardId":"7b8442ee-3943-47d2-8c21-6176c58dc09b","userId":null,"columnId":null}
[32minfo[39m:    POST url: /boards/7b8442ee-3943-47d2-8c21-6176c58dc09b/tasks params: {} body: {"title":"Task #3","order":3,"description":"Lorem ipsum","boardId":"7b8442ee-3943-47d2-8c21-6176c58dc09b","userId":null,"columnId":null}
[32minfo[39m:    POST url: /boards/7b8442ee-3943-47d2-8c21-6176c58dc09b/tasks params: {} body: {"title":"Task #4","order":4,"description":"Lorem ipsum","boardId":"7b8442ee-3943-47d2-8c21-6176c58dc09b","userId":null,"columnId":null}
[32minfo[39m:    POST url: /boards/7b8442ee-3943-47d2-8c21-6176c58dc09b/tasks params: {} body: {"title":"Task #5","order":5,"description":"Lorem ipsum","boardId":"7b8442ee-3943-47d2-8c21-6176c58dc09b","userId":null,"columnId":null}
[32minfo[39m:    DELETE url: /boards/755db13e-7222-4477-94d3-15bea5d638ac params: {} body: {}
[32minfo[39m:    POST url: /boards params: {} body: {"title":"Autotest board","columns":[{"title":"Backlog","order":1},{"title":"Sprint","order":2}]}
[32minfo[39m:    POST url: /boards/074b5087-67ea-4061-ad44-0a8823a246ca/tasks params: {} body: {"title":"Autotest task","order":0,"description":"Lorem ipsum","userId":null,"boardId":null,"columnId":null}
[32minfo[39m:    GET url: /boards/074b5087-67ea-4061-ad44-0a8823a246ca/tasks params: {} body: {}
[32minfo[39m:    GET url: /boards/074b5087-67ea-4061-ad44-0a8823a246ca/tasks params: {} body: {}
[32minfo[39m:    POST url: /boards/074b5087-67ea-4061-ad44-0a8823a246ca/tasks params: {} body: {"title":"Autotest task","order":0,"description":"Lorem ipsum","userId":null,"boardId":null,"columnId":null}
[32minfo[39m:    POST url: /boards/074b5087-67ea-4061-ad44-0a8823a246ca/tasks params: {} body: {"title":"Autotest task","order":0,"description":"Lorem ipsum","userId":null,"boardId":null,"columnId":null}
[32minfo[39m:    GET url: /boards/074b5087-67ea-4061-ad44-0a8823a246ca/tasks/undefined params: {} body: {}
[32minfo[39m:    DELETE url: /boards/074b5087-67ea-4061-ad44-0a8823a246ca/tasks/undefined params: {} body: {}
[32minfo[39m:    GET url: /boards/074b5087-67ea-4061-ad44-0a8823a246ca/tasks/undefined params: {} body: {}
[32minfo[39m:    DELETE url: /boards/074b5087-67ea-4061-ad44-0a8823a246ca params: {} body: {}
[32minfo[39m:    GET url: /users params: {} body: {}
[32minfo[39m:    POST url: /users params: {} body: {"name":"TEST_USER","login":"test_user","password":"T35t_P@55w0rd"}
[32minfo[39m:    GET url: /users/092f405f-8908-4271-accd-8fb831e135f6 params: {} body: {}
[32minfo[39m:    DELETE url: /users/092f405f-8908-4271-accd-8fb831e135f6 params: {} body: {}
[32minfo[39m:    POST url: /users params: {} body: {"name":"TEST_USER","login":"test_user","password":"T35t_P@55w0rd"}
[32minfo[39m:    DELETE url: /users/bbf36d82-6df9-4971-a7ea-ac4afe5d4462 params: {} body: {}
[32minfo[39m:    POST url: /users params: {} body: {"name":"TEST_USER","login":"test_user","password":"T35t_P@55w0rd"}
[32minfo[39m:    PUT url: /users/d557e47d-174a-4316-9465-5d385ebe2cdd params: {} body: {"name":"Autotest updated TEST_USER","login":"test_user","password":"T35t_P@55w0rd","id":"d557e47d-174a-4316-9465-5d385ebe2cdd"}
[32minfo[39m:    GET url: /users/d557e47d-174a-4316-9465-5d385ebe2cdd params: {} body: {}
[32minfo[39m:    DELETE url: /users/d557e47d-174a-4316-9465-5d385ebe2cdd params: {} body: {}
[32minfo[39m:    POST url: /users params: {} body: {"name":"TEST_USER","login":"test_user","password":"T35t_P@55w0rd"}
[32minfo[39m:    DELETE url: /users/c91bb3c0-7415-41e0-84c5-3424a2b9bc01 params: {} body: {}
[32minfo[39m:    POST url: /users params: {} body: {"name":"TEST_USER","login":"test_user","password":"T35t_P@55w0rd"}
[32minfo[39m:    POST url: /boards params: {} body: {"title":"Autotest board","columns":[{"title":"Backlog","order":1},{"title":"Sprint","order":2}]}
[32minfo[39m:    POST url: /boards/d2c7fd16-f1e0-4423-881d-d349e17e0cb6/tasks params: {} body: {"title":"Task #1","order":1,"description":"Lorem ipsum","userId":"a4e05dc0-5890-4572-9a8b-64affb06816e","boardId":"d2c7fd16-f1e0-4423-881d-d349e17e0cb6"}
[32minfo[39m:    POST url: /boards/d2c7fd16-f1e0-4423-881d-d349e17e0cb6/tasks params: {} body: {"title":"Task #2","order":2,"description":"Lorem ipsum","userId":"a4e05dc0-5890-4572-9a8b-64affb06816e","boardId":"d2c7fd16-f1e0-4423-881d-d349e17e0cb6"}
[32minfo[39m:    POST url: /boards params: {} body: {"title":"Autotest board","columns":[{"title":"Backlog","order":1},{"title":"Sprint","order":2}]}
[32minfo[39m:    POST url: /boards/18bd8b3a-14dc-4003-9ad5-579fccb131e1/tasks params: {} body: {"title":"Autotest task","order":0,"description":"Lorem ipsum","userId":null,"boardId":null,"columnId":null}
[32minfo[39m:    GET url: /boards/18bd8b3a-14dc-4003-9ad5-579fccb131e1/tasks params: {} body: {}
[32minfo[39m:    GET url: /boards/18bd8b3a-14dc-4003-9ad5-579fccb131e1/tasks params: {} body: {}
[32minfo[39m:    POST url: /boards/18bd8b3a-14dc-4003-9ad5-579fccb131e1/tasks params: {} body: {"title":"Autotest task","order":0,"description":"Lorem ipsum","userId":null,"boardId":null,"columnId":null}
[32minfo[39m:    POST url: /boards/18bd8b3a-14dc-4003-9ad5-579fccb131e1/tasks params: {} body: {"title":"Autotest task","order":0,"description":"Lorem ipsum","userId":null,"boardId":null,"columnId":null}
[32minfo[39m:    GET url: /boards/18bd8b3a-14dc-4003-9ad5-579fccb131e1/tasks/undefined params: {} body: {}
[32minfo[39m:    DELETE url: /boards/18bd8b3a-14dc-4003-9ad5-579fccb131e1/tasks/undefined params: {} body: {}
[32minfo[39m:    GET url: /boards/18bd8b3a-14dc-4003-9ad5-579fccb131e1/tasks/undefined params: {} body: {}
[32minfo[39m:    DELETE url: /boards/18bd8b3a-14dc-4003-9ad5-579fccb131e1 params: {} body: {}
[32minfo[39m:    POST url: /boards params: {} body: {"title":"Autotest board","columns":[{"title":"Backlog","order":1},{"title":"Sprint","order":2}]}
[32minfo[39m:    GET url: /boards params: {} body: {}
[32minfo[39m:    GET url: /boards params: {} body: {}
[32minfo[39m:    GET url: /boards/18bd8b3a-14dc-4003-9ad5-579fccb131e1 params: {} body: {}
[32minfo[39m:    POST url: /boards params: {} body: {"title":"Autotest board","columns":[{"title":"Backlog","order":1},{"title":"Sprint","order":2}]}
[32minfo[39m:    DELETE url: /boards/f8cd6e7d-1a9c-4f20-936e-e60bf3990304 params: {} body: {}
[32minfo[39m:    POST url: /boards params: {} body: {"title":"Autotest board","columns":[{"title":"Backlog","order":1},{"title":"Sprint","order":2}]}
[32minfo[39m:    PUT url: /boards/4d22aab4-69db-4c64-870c-4fbae7cbbbcc params: {} body: {"title":"Autotest updated board","columns":[{"title":"Backlog","order":1},{"title":"Sprint","order":2}],"_id":"5e9ded7979bfdc1ae0c5088a","id":"4d22aab4-69db-4c64-870c-4fbae7cbbbcc","__v":0}
[32minfo[39m:    GET url: /boards/4d22aab4-69db-4c64-870c-4fbae7cbbbcc params: {} body: {}
[32minfo[39m:    DELETE url: /boards/4d22aab4-69db-4c64-870c-4fbae7cbbbcc params: {} body: {}
[32minfo[39m:    POST url: /boards params: {} body: {"title":"Autotest board","columns":[{"title":"Backlog","order":1},{"title":"Sprint","order":2}]}
[32minfo[39m:    DELETE url: /boards/fc38c889-564e-46f4-a6a9-e9907c3c370c params: {} body: {}
[32minfo[39m:    GET url: /boards/fc38c889-564e-46f4-a6a9-e9907c3c370c params: {} body: {}
[32minfo[39m:    POST url: /boards params: {} body: {"title":"Autotest board","columns":[{"title":"Backlog","order":1},{"title":"Sprint","order":2}]}
[32minfo[39m:    POST url: /boards/ed5631a9-12e1-48aa-94c4-0083a6bf63dd/tasks params: {} body: {"title":"Task #1","order":1,"description":"Lorem ipsum","boardId":"ed5631a9-12e1-48aa-94c4-0083a6bf63dd","userId":null,"columnId":null}
[32minfo[39m:    POST url: /boards/ed5631a9-12e1-48aa-94c4-0083a6bf63dd/tasks params: {} body: {"title":"Task #2","order":2,"description":"Lorem ipsum","boardId":"ed5631a9-12e1-48aa-94c4-0083a6bf63dd","userId":null,"columnId":null}
[32minfo[39m:    POST url: /boards/ed5631a9-12e1-48aa-94c4-0083a6bf63dd/tasks params: {} body: {"title":"Task #3","order":3,"description":"Lorem ipsum","boardId":"ed5631a9-12e1-48aa-94c4-0083a6bf63dd","userId":null,"columnId":null}
[32minfo[39m:    POST url: /boards/ed5631a9-12e1-48aa-94c4-0083a6bf63dd/tasks params: {} body: {"title":"Task #4","order":4,"description":"Lorem ipsum","boardId":"ed5631a9-12e1-48aa-94c4-0083a6bf63dd","userId":null,"columnId":null}
[32minfo[39m:    POST url: /boards/ed5631a9-12e1-48aa-94c4-0083a6bf63dd/tasks params: {} body: {"title":"Task #5","order":5,"description":"Lorem ipsum","boardId":"ed5631a9-12e1-48aa-94c4-0083a6bf63dd","userId":null,"columnId":null}
[32minfo[39m:    DELETE url: /boards/8a391648-63ee-4db2-8dc7-7f1db9f1983f params: {} body: {}
[32minfo[39m:    GET url: /users params: {} body: {}
[32minfo[39m:    POST url: /users params: {} body: {"name":"TEST_USER","login":"test_user","password":"T35t_P@55w0rd"}
[32minfo[39m:    GET url: /users/dd0ab274-26eb-4f82-8d40-260ebc048d6c params: {} body: {}
[32minfo[39m:    DELETE url: /users/dd0ab274-26eb-4f82-8d40-260ebc048d6c params: {} body: {}
[32minfo[39m:    POST url: /users params: {} body: {"name":"TEST_USER","login":"test_user","password":"T35t_P@55w0rd"}
[32minfo[39m:    DELETE url: /users/2afd57c9-0caa-4788-8866-8fe69841ee46 params: {} body: {}
[32minfo[39m:    POST url: /users params: {} body: {"name":"TEST_USER","login":"test_user","password":"T35t_P@55w0rd"}
[32minfo[39m:    PUT url: /users/c17e826e-afaf-4959-877a-655e3770d6ac params: {} body: {"name":"Autotest updated TEST_USER","login":"test_user","password":"T35t_P@55w0rd","id":"c17e826e-afaf-4959-877a-655e3770d6ac"}
[32minfo[39m:    GET url: /users/c17e826e-afaf-4959-877a-655e3770d6ac params: {} body: {}
[32minfo[39m:    DELETE url: /users/c17e826e-afaf-4959-877a-655e3770d6ac params: {} body: {}
[32minfo[39m:    POST url: /users params: {} body: {"name":"TEST_USER","login":"test_user","password":"T35t_P@55w0rd"}
[32minfo[39m:    DELETE url: /users/079b0210-842a-4b07-bba1-2d5f0bca8682 params: {} body: {}
[32minfo[39m:    POST url: /users params: {} body: {"name":"TEST_USER","login":"test_user","password":"T35t_P@55w0rd"}
[32minfo[39m:    POST url: /boards params: {} body: {"title":"Autotest board","columns":[{"title":"Backlog","order":1},{"title":"Sprint","order":2}]}
[32minfo[39m:    POST url: /boards/83c56964-6782-400f-bf05-e3bc9c831693/tasks params: {} body: {"title":"Task #1","order":1,"description":"Lorem ipsum","userId":"e1b12193-a874-488f-bc2a-7cfc938bba9f","boardId":"83c56964-6782-400f-bf05-e3bc9c831693"}
[32minfo[39m:    POST url: /boards/83c56964-6782-400f-bf05-e3bc9c831693/tasks params: {} body: {"title":"Task #2","order":2,"description":"Lorem ipsum","userId":"e1b12193-a874-488f-bc2a-7cfc938bba9f","boardId":"83c56964-6782-400f-bf05-e3bc9c831693"}
[32minfo[39m:    POST url: /boards params: {} body: {"title":"Autotest board","columns":[{"title":"Backlog","order":1},{"title":"Sprint","order":2}]}
[32minfo[39m:    POST url: /boards/9d30341f-6728-428b-8943-09c1a656cc03/tasks params: {} body: {"title":"Autotest task","order":0,"description":"Lorem ipsum","userId":null,"boardId":null,"columnId":null}
[31merror[39m:   unhandledRejection: Invalid status code: undefined
[32minfo[39m:    GET url: /boards/9d30341f-6728-428b-8943-09c1a656cc03/tasks params: {} body: {}
[32minfo[39m:    GET url: /boards/9d30341f-6728-428b-8943-09c1a656cc03/tasks params: {} body: {}
[32minfo[39m:    POST url: /boards/9d30341f-6728-428b-8943-09c1a656cc03/tasks params: {} body: {"title":"Autotest task","order":0,"description":"Lorem ipsum","userId":null,"boardId":null,"columnId":null}
[31merror[39m:   unhandledRejection: Invalid status code: undefined
[32minfo[39m:    POST url: /boards/9d30341f-6728-428b-8943-09c1a656cc03/tasks params: {} body: {"title":"Autotest task","order":0,"description":"Lorem ipsum","userId":null,"boardId":null,"columnId":null}
[31merror[39m:   unhandledRejection: Invalid status code: undefined
[32minfo[39m:    GET url: /boards/9d30341f-6728-428b-8943-09c1a656cc03/tasks/undefined params: {} body: {}
[32minfo[39m:    DELETE url: /boards/9d30341f-6728-428b-8943-09c1a656cc03/tasks/undefined params: {} body: {}
[32minfo[39m:    GET url: /boards/9d30341f-6728-428b-8943-09c1a656cc03/tasks/undefined params: {} body: {}
[32minfo[39m:    DELETE url: /boards/9d30341f-6728-428b-8943-09c1a656cc03 params: {} body: {}
[32minfo[39m:    POST url: /boards params: {} body: {"title":"Autotest board","columns":[{"title":"Backlog","order":1},{"title":"Sprint","order":2}]}
[32minfo[39m:    GET url: /boards params: {} body: {}
[32minfo[39m:    GET url: /boards params: {} body: {}
[32minfo[39m:    GET url: /boards/9d30341f-6728-428b-8943-09c1a656cc03 params: {} body: {}
[32minfo[39m:    POST url: /boards params: {} body: {"title":"Autotest board","columns":[{"title":"Backlog","order":1},{"title":"Sprint","order":2}]}
[32minfo[39m:    DELETE url: /boards/ea3eaada-499d-478c-bbf3-2502189267d0 params: {} body: {}
[32minfo[39m:    POST url: /boards params: {} body: {"title":"Autotest board","columns":[{"title":"Backlog","order":1},{"title":"Sprint","order":2}]}
[32minfo[39m:    PUT url: /boards/2444707c-8063-48c7-af48-0e6e63533b8a params: {} body: {"title":"Autotest updated board","columns":[{"title":"Backlog","order":1},{"title":"Sprint","order":2}],"_id":"5e9df1237e94d00e8c064d46","id":"2444707c-8063-48c7-af48-0e6e63533b8a","__v":0}
[32minfo[39m:    GET url: /boards/2444707c-8063-48c7-af48-0e6e63533b8a params: {} body: {}
[32minfo[39m:    DELETE url: /boards/2444707c-8063-48c7-af48-0e6e63533b8a params: {} body: {}
[32minfo[39m:    POST url: /boards params: {} body: {"title":"Autotest board","columns":[{"title":"Backlog","order":1},{"title":"Sprint","order":2}]}
[32minfo[39m:    DELETE url: /boards/a7c1c8de-3510-4e48-b907-2e4f7dd74ff1 params: {} body: {}
[32minfo[39m:    GET url: /boards/a7c1c8de-3510-4e48-b907-2e4f7dd74ff1 params: {} body: {}
[32minfo[39m:    POST url: /boards params: {} body: {"title":"Autotest board","columns":[{"title":"Backlog","order":1},{"title":"Sprint","order":2}]}
[32minfo[39m:    POST url: /boards/1ec14804-ce36-44a5-8c57-1738985a039a/tasks params: {} body: {"title":"Task #1","order":1,"description":"Lorem ipsum","boardId":"1ec14804-ce36-44a5-8c57-1738985a039a","userId":null,"columnId":null}
[31merror[39m:   unhandledRejection: Invalid status code: undefined
[32minfo[39m:    POST url: /boards/1ec14804-ce36-44a5-8c57-1738985a039a/tasks params: {} body: {"title":"Task #2","order":2,"description":"Lorem ipsum","boardId":"1ec14804-ce36-44a5-8c57-1738985a039a","userId":null,"columnId":null}
[31merror[39m:   unhandledRejection: Invalid status code: undefined
[32minfo[39m:    POST url: /boards/1ec14804-ce36-44a5-8c57-1738985a039a/tasks params: {} body: {"title":"Task #3","order":3,"description":"Lorem ipsum","boardId":"1ec14804-ce36-44a5-8c57-1738985a039a","userId":null,"columnId":null}
[31merror[39m:   unhandledRejection: Invalid status code: undefined
[32minfo[39m:    POST url: /boards/1ec14804-ce36-44a5-8c57-1738985a039a/tasks params: {} body: {"title":"Task #5","order":5,"description":"Lorem ipsum","boardId":"1ec14804-ce36-44a5-8c57-1738985a039a","userId":null,"columnId":null}
[31merror[39m:   unhandledRejection: Invalid status code: undefined
[32minfo[39m:    POST url: /boards/1ec14804-ce36-44a5-8c57-1738985a039a/tasks params: {} body: {"title":"Task #4","order":4,"description":"Lorem ipsum","boardId":"1ec14804-ce36-44a5-8c57-1738985a039a","userId":null,"columnId":null}
[31merror[39m:   unhandledRejection: Invalid status code: undefined
[32minfo[39m:    DELETE url: /boards/463cd43f-fb10-4cba-844c-9461deb3e04a params: {} body: {}
[32minfo[39m:    GET url: /users params: {} body: {}
[32minfo[39m:    POST url: /users params: {} body: {"name":"TEST_USER","login":"test_user","password":"T35t_P@55w0rd"}
[32minfo[39m:    GET url: /users/13dc94c3-d63c-4628-91f9-ceb8581499b3 params: {} body: {}
[32minfo[39m:    DELETE url: /users/13dc94c3-d63c-4628-91f9-ceb8581499b3 params: {} body: {}
[32minfo[39m:    POST url: /users params: {} body: {"name":"TEST_USER","login":"test_user","password":"T35t_P@55w0rd"}
[32minfo[39m:    DELETE url: /users/e76b70bc-8074-4884-9032-b8ad275221c6 params: {} body: {}
[32minfo[39m:    POST url: /users params: {} body: {"name":"TEST_USER","login":"test_user","password":"T35t_P@55w0rd"}
[32minfo[39m:    PUT url: /users/08bb1337-4cf7-49bf-bea1-46805e1d9505 params: {} body: {"name":"Autotest updated TEST_USER","login":"test_user","password":"T35t_P@55w0rd","id":"08bb1337-4cf7-49bf-bea1-46805e1d9505"}
[32minfo[39m:    GET url: /users/08bb1337-4cf7-49bf-bea1-46805e1d9505 params: {} body: {}
[32minfo[39m:    DELETE url: /users/08bb1337-4cf7-49bf-bea1-46805e1d9505 params: {} body: {}
[32minfo[39m:    POST url: /users params: {} body: {"name":"TEST_USER","login":"test_user","password":"T35t_P@55w0rd"}
[32minfo[39m:    DELETE url: /users/b6bdd2c0-1541-4fe1-97fd-8ef7a50f2582 params: {} body: {}
[32minfo[39m:    POST url: /users params: {} body: {"name":"TEST_USER","login":"test_user","password":"T35t_P@55w0rd"}
[32minfo[39m:    POST url: /boards params: {} body: {"title":"Autotest board","columns":[{"title":"Backlog","order":1},{"title":"Sprint","order":2}]}
[32minfo[39m:    POST url: /boards/5d66f422-9cd6-4781-8a42-90a8d3114202/tasks params: {} body: {"title":"Task #1","order":1,"description":"Lorem ipsum","userId":"27adb38e-56c7-491c-87c7-dc9674fed691","boardId":"5d66f422-9cd6-4781-8a42-90a8d3114202"}
[31merror[39m:   unhandledRejection: Invalid status code: undefined
[32minfo[39m:    POST url: /boards/5d66f422-9cd6-4781-8a42-90a8d3114202/tasks params: {} body: {"title":"Task #2","order":2,"description":"Lorem ipsum","userId":"27adb38e-56c7-491c-87c7-dc9674fed691","boardId":"5d66f422-9cd6-4781-8a42-90a8d3114202"}
[31merror[39m:   unhandledRejection: Invalid status code: undefined
[32minfo[39m:    POST url: /boards params: {} body: {"title":"Autotest board","columns":[{"title":"Backlog","order":1},{"title":"Sprint","order":2}]}
[32minfo[39m:    POST url: /boards/cd708b16-27de-4640-be30-7ce343749c4c/tasks params: {} body: {"title":"Autotest task","order":0,"description":"Lorem ipsum","userId":null,"boardId":null,"columnId":null}
[31merror[39m:   unhandledRejection: Invalid status code: undefined
[32minfo[39m:    GET url: /boards/cd708b16-27de-4640-be30-7ce343749c4c/tasks params: {} body: {}
[32minfo[39m:    GET url: /boards/cd708b16-27de-4640-be30-7ce343749c4c/tasks params: {} body: {}
[32minfo[39m:    POST url: /boards/cd708b16-27de-4640-be30-7ce343749c4c/tasks params: {} body: {"title":"Autotest task","order":0,"description":"Lorem ipsum","userId":null,"boardId":null,"columnId":null}
[31merror[39m:   unhandledRejection: Invalid status code: undefined
[32minfo[39m:    POST url: /boards/cd708b16-27de-4640-be30-7ce343749c4c/tasks params: {} body: {"title":"Autotest task","order":0,"description":"Lorem ipsum","userId":null,"boardId":null,"columnId":null}
[31merror[39m:   unhandledRejection: Invalid status code: undefined
[32minfo[39m:    GET url: /boards/cd708b16-27de-4640-be30-7ce343749c4c/tasks/undefined params: {} body: {}
[32minfo[39m:    DELETE url: /boards/cd708b16-27de-4640-be30-7ce343749c4c/tasks/undefined params: {} body: {}
[32minfo[39m:    GET url: /boards/cd708b16-27de-4640-be30-7ce343749c4c/tasks/undefined params: {} body: {}
[32minfo[39m:    DELETE url: /boards/cd708b16-27de-4640-be30-7ce343749c4c params: {} body: {}
[32minfo[39m:    POST url: /boards params: {} body: {"title":"Autotest board","columns":[{"title":"Backlog","order":1},{"title":"Sprint","order":2}]}
[32minfo[39m:    GET url: /boards params: {} body: {}
[32minfo[39m:    GET url: /boards params: {} body: {}
[32minfo[39m:    GET url: /boards/cd708b16-27de-4640-be30-7ce343749c4c params: {} body: {}
[32minfo[39m:    POST url: /boards params: {} body: {"title":"Autotest board","columns":[{"title":"Backlog","order":1},{"title":"Sprint","order":2}]}
[32minfo[39m:    DELETE url: /boards/65e5fb24-0b21-4014-933a-cb867d60bb1d params: {} body: {}
[32minfo[39m:    POST url: /boards params: {} body: {"title":"Autotest board","columns":[{"title":"Backlog","order":1},{"title":"Sprint","order":2}]}
[32minfo[39m:    PUT url: /boards/daaeb063-af3a-4f68-b68b-5eb9cb0aef1a params: {} body: {"title":"Autotest updated board","columns":[{"title":"Backlog","order":1},{"title":"Sprint","order":2}],"_id":"5e9df566a26b721f58221896","id":"daaeb063-af3a-4f68-b68b-5eb9cb0aef1a","__v":0}
[32minfo[39m:    GET url: /boards/daaeb063-af3a-4f68-b68b-5eb9cb0aef1a params: {} body: {}
[32minfo[39m:    DELETE url: /boards/daaeb063-af3a-4f68-b68b-5eb9cb0aef1a params: {} body: {}
[32minfo[39m:    POST url: /boards params: {} body: {"title":"Autotest board","columns":[{"title":"Backlog","order":1},{"title":"Sprint","order":2}]}
[32minfo[39m:    DELETE url: /boards/d73371fd-19cc-48ab-a39c-561b883e1d53 params: {} body: {}
[32minfo[39m:    GET url: /boards/d73371fd-19cc-48ab-a39c-561b883e1d53 params: {} body: {}
[32minfo[39m:    POST url: /boards params: {} body: {"title":"Autotest board","columns":[{"title":"Backlog","order":1},{"title":"Sprint","order":2}]}
[32minfo[39m:    POST url: /boards/601a3a2a-77f5-419c-b2e7-42eabb9a31e2/tasks params: {} body: {"title":"Task #1","order":1,"description":"Lorem ipsum","boardId":"601a3a2a-77f5-419c-b2e7-42eabb9a31e2","userId":null,"columnId":null}
[31merror[39m:   unhandledRejection: Invalid status code: undefined
[32minfo[39m:    POST url: /boards/601a3a2a-77f5-419c-b2e7-42eabb9a31e2/tasks params: {} body: {"title":"Task #2","order":2,"description":"Lorem ipsum","boardId":"601a3a2a-77f5-419c-b2e7-42eabb9a31e2","userId":null,"columnId":null}
[31merror[39m:   unhandledRejection: Invalid status code: undefined
[32minfo[39m:    POST url: /boards/601a3a2a-77f5-419c-b2e7-42eabb9a31e2/tasks params: {} body: {"title":"Task #3","order":3,"description":"Lorem ipsum","boardId":"601a3a2a-77f5-419c-b2e7-42eabb9a31e2","userId":null,"columnId":null}
[31merror[39m:   unhandledRejection: Invalid status code: undefined
[32minfo[39m:    POST url: /boards/601a3a2a-77f5-419c-b2e7-42eabb9a31e2/tasks params: {} body: {"title":"Task #4","order":4,"description":"Lorem ipsum","boardId":"601a3a2a-77f5-419c-b2e7-42eabb9a31e2","userId":null,"columnId":null}
[31merror[39m:   unhandledRejection: Invalid status code: undefined
[32minfo[39m:    POST url: /boards/601a3a2a-77f5-419c-b2e7-42eabb9a31e2/tasks params: {} body: {"title":"Task #5","order":5,"description":"Lorem ipsum","boardId":"601a3a2a-77f5-419c-b2e7-42eabb9a31e2","userId":null,"columnId":null}
[31merror[39m:   unhandledRejection: Invalid status code: undefined
[32minfo[39m:    DELETE url: /boards/5d74d014-6bf6-4cb5-9f01-a1811a5aef03 params: {} body: {}
[32minfo[39m:    GET url: /users params: {} body: {}
[32minfo[39m:    POST url: /users params: {} body: {"name":"TEST_USER","login":"test_user","password":"T35t_P@55w0rd"}
[32minfo[39m:    GET url: /users/2f150a25-efd8-48a1-80c7-28e2136bea6d params: {} body: {}
[32minfo[39m:    DELETE url: /users/2f150a25-efd8-48a1-80c7-28e2136bea6d params: {} body: {}
[32minfo[39m:    POST url: /users params: {} body: {"name":"TEST_USER","login":"test_user","password":"T35t_P@55w0rd"}
[32minfo[39m:    DELETE url: /users/7e5524da-6ecf-4f05-888e-2a7f890fa681 params: {} body: {}
[32minfo[39m:    POST url: /users params: {} body: {"name":"TEST_USER","login":"test_user","password":"T35t_P@55w0rd"}
[32minfo[39m:    PUT url: /users/8fd1e15a-dbc9-417e-8ee4-3a06e8933cdc params: {} body: {"name":"Autotest updated TEST_USER","login":"test_user","password":"T35t_P@55w0rd","id":"8fd1e15a-dbc9-417e-8ee4-3a06e8933cdc"}
[32minfo[39m:    GET url: /users/8fd1e15a-dbc9-417e-8ee4-3a06e8933cdc params: {} body: {}
[32minfo[39m:    DELETE url: /users/8fd1e15a-dbc9-417e-8ee4-3a06e8933cdc params: {} body: {}
[32minfo[39m:    POST url: /users params: {} body: {"name":"TEST_USER","login":"test_user","password":"T35t_P@55w0rd"}
[32minfo[39m:    DELETE url: /users/93078686-d8a3-4e3b-b8ff-b3996300ff6f params: {} body: {}
[32minfo[39m:    POST url: /users params: {} body: {"name":"TEST_USER","login":"test_user","password":"T35t_P@55w0rd"}
[32minfo[39m:    POST url: /boards params: {} body: {"title":"Autotest board","columns":[{"title":"Backlog","order":1},{"title":"Sprint","order":2}]}
[32minfo[39m:    POST url: /boards/d5517f95-e62f-46aa-a692-5a96685f8139/tasks params: {} body: {"title":"Task #1","order":1,"description":"Lorem ipsum","userId":"b457765c-bde8-438e-b94f-f5f5cb74e275","boardId":"d5517f95-e62f-46aa-a692-5a96685f8139"}
[31merror[39m:   unhandledRejection: Invalid status code: undefined
[32minfo[39m:    POST url: /boards/d5517f95-e62f-46aa-a692-5a96685f8139/tasks params: {} body: {"title":"Task #2","order":2,"description":"Lorem ipsum","userId":"b457765c-bde8-438e-b94f-f5f5cb74e275","boardId":"d5517f95-e62f-46aa-a692-5a96685f8139"}
[31merror[39m:   unhandledRejection: Invalid status code: undefined
