[32minfo[39m:    POST url: /login params: {} body: {"login":"admin","password":"admin"}
[31merror[39m:   unhandledRejection: Forbidden
[32minfo[39m:    GET url: /users params: {} body: {}
[31merror[39m:   401: Unauthorized
[32minfo[39m:    POST url: /users params: {} body: {"name":"TEST_USER","login":"test_user","password":"T35t_P@55w0rd"}
[31merror[39m:   401: Unauthorized
[32minfo[39m:    POST url: /users params: {} body: {"name":"TEST_USER","login":"test_user","password":"T35t_P@55w0rd"}
[31merror[39m:   401: Unauthorized
[32minfo[39m:    POST url: /users params: {} body: {"name":"TEST_USER","login":"test_user","password":"T35t_P@55w0rd"}
[31merror[39m:   401: Unauthorized
[32minfo[39m:    PUT url: /users/undefined params: {} body: {"name":"Autotest updated TEST_USER","login":"test_user","password":"T35t_P@55w0rd"}
[31merror[39m:   401: Unauthorized
[32minfo[39m:    POST url: /users params: {} body: {"name":"TEST_USER","login":"test_user","password":"T35t_P@55w0rd"}
[31merror[39m:   401: Unauthorized
[32minfo[39m:    DELETE url: /users/undefined params: {} body: {}
[31merror[39m:   401: Unauthorized
[32minfo[39m:    POST url: /users params: {} body: {"name":"TEST_USER","login":"test_user","password":"T35t_P@55w0rd"}
[31merror[39m:   401: Unauthorized
[32minfo[39m:    POST url: /login params: {} body: {"login":"admin","password":"admin"}
[31merror[39m:   unhandledRejection: Forbidden
[32minfo[39m:    POST url: /boards params: {} body: {"title":"Autotest board","columns":[{"title":"Backlog","order":1},{"title":"Sprint","order":2}]}
[31merror[39m:   401: Unauthorized
[32minfo[39m:    GET url: /boards params: {} body: {}
[31merror[39m:   401: Unauthorized
[32minfo[39m:    GET url: /boards params: {} body: {}
[31merror[39m:   401: Unauthorized
[32minfo[39m:    POST url: /boards params: {} body: {"title":"Autotest board","columns":[{"title":"Backlog","order":1},{"title":"Sprint","order":2}]}
[31merror[39m:   401: Unauthorized
[32minfo[39m:    POST url: /boards params: {} body: {"title":"Autotest board","columns":[{"title":"Backlog","order":1},{"title":"Sprint","order":2}]}
[31merror[39m:   401: Unauthorized
[32minfo[39m:    PUT url: /boards/undefined params: {} body: {"title":"Autotest updated board"}
[31merror[39m:   401: Unauthorized
[32minfo[39m:    POST url: /boards params: {} body: {"title":"Autotest board","columns":[{"title":"Backlog","order":1},{"title":"Sprint","order":2}]}
[31merror[39m:   401: Unauthorized
[32minfo[39m:    POST url: /boards params: {} body: {"title":"Autotest board","columns":[{"title":"Backlog","order":1},{"title":"Sprint","order":2}]}
[31merror[39m:   401: Unauthorized
[32minfo[39m:    DELETE url: /boards/undefined params: {} body: {}
[31merror[39m:   401: Unauthorized
[32minfo[39m:    POST url: /login params: {} body: {"login":"admin","password":"admin"}
[31merror[39m:   unhandledRejection: Forbidden
[32minfo[39m:    POST url: /boards params: {} body: {"title":"Autotest board","columns":[{"title":"Backlog","order":1},{"title":"Sprint","order":2}]}
[31merror[39m:   401: Unauthorized
[32minfo[39m:    POST url: /boards/undefined/tasks params: {} body: {"title":"Autotest task","order":0,"description":"Lorem ipsum","userId":null,"boardId":null,"columnId":null}
[31merror[39m:   401: Unauthorized
[32minfo[39m:    GET url: /boards/undefined/tasks params: {} body: {}
[31merror[39m:   401: Unauthorized
[32minfo[39m:    GET url: /boards/undefined/tasks params: {} body: {}
[31merror[39m:   401: Unauthorized
[32minfo[39m:    POST url: /boards/undefined/tasks params: {} body: {"title":"Autotest task","order":0,"description":"Lorem ipsum","userId":null,"boardId":null,"columnId":null}
[31merror[39m:   401: Unauthorized
[32minfo[39m:    POST url: /boards/undefined/tasks params: {} body: {"title":"Autotest task","order":0,"description":"Lorem ipsum","userId":null,"boardId":null,"columnId":null}
[31merror[39m:   401: Unauthorized
[32minfo[39m:    PUT url: /boards/undefined/tasks/undefined params: {} body: {"title":"Autotest updated task"}
[31merror[39m:   401: Unauthorized
[32minfo[39m:    GET url: /boards/undefined/tasks/undefined params: {} body: {}
[31merror[39m:   401: Unauthorized
[32minfo[39m:    DELETE url: /boards/undefined params: {} body: {}
[31merror[39m:   401: Unauthorized
[32minfo[39m:    GET url: /boards/12345/tasks params: {} body: {}
[31merror[39m:   401: Unauthorized
[32minfo[39m:    GET url: /boards/12345/tasks/12345 params: {} body: {}
[31merror[39m:   401: Unauthorized
[32minfo[39m:    POST url: /boards/12345/tasks params: {} body: {"title":"Autotest task","order":0,"description":"Lorem ipsum","userId":null,"boardId":null,"columnId":null}
[31merror[39m:   401: Unauthorized
[32minfo[39m:    PUT url: /boards/12345/tasks/12345 params: {} body: {"title":"Autotest task","order":0,"description":"Lorem ipsum","userId":null,"boardId":null,"columnId":null}
[31merror[39m:   401: Unauthorized
[32minfo[39m:    DELETE url: /boards/12345/tasks/12345 params: {} body: {}
[31merror[39m:   401: Unauthorized
[32minfo[39m:    GET url: /boards params: {} body: {}
[31merror[39m:   401: Unauthorized
[32minfo[39m:    GET url: /boards/12345 params: {} body: {}
[31merror[39m:   401: Unauthorized
[32minfo[39m:    POST url: /boards params: {} body: {"title":"Autotest board","columns":[{"title":"Backlog","order":1},{"title":"Sprint","order":2}]}
[31merror[39m:   401: Unauthorized
[32minfo[39m:    PUT url: /boards/12345 params: {} body: {"title":"Autotest board","columns":[{"title":"Backlog","order":1},{"title":"Sprint","order":2}]}
[31merror[39m:   401: Unauthorized
[32minfo[39m:    DELETE url: /boards/12345 params: {} body: {}
[31merror[39m:   401: Unauthorized
[32minfo[39m:    GET url: /users params: {} body: {}
[31merror[39m:   401: Unauthorized
[32minfo[39m:    GET url: /users/123 params: {} body: {}
[31merror[39m:   401: Unauthorized
[32minfo[39m:    POST url: /users params: {} body: {"name":"TEST_USER","login":"test_user","password":"T35t_P@55w0rd"}
[31merror[39m:   401: Unauthorized
[32minfo[39m:    PUT url: /users/12345 params: {} body: {"name":"TEST_USER","login":"test_user","password":"T35t_P@55w0rd"}
[31merror[39m:   401: Unauthorized
[32minfo[39m:    DELETE url: /users/12345 params: {} body: {}
[31merror[39m:   401: Unauthorized
[32minfo[39m:    POST url: /login params: {} body: {"login":"admin","password":"admin"}
[31merror[39m:   unhandledRejection: Forbidden
[32minfo[39m:    GET url: /users params: {} body: {}
[31merror[39m:   401: Unauthorized
[32minfo[39m:    POST url: /users params: {} body: {"name":"TEST_USER","login":"test_user","password":"T35t_P@55w0rd"}
[31merror[39m:   401: Unauthorized
[32minfo[39m:    POST url: /users params: {} body: {"name":"TEST_USER","login":"test_user","password":"T35t_P@55w0rd"}
[31merror[39m:   401: Unauthorized
[32minfo[39m:    POST url: /users params: {} body: {"name":"TEST_USER","login":"test_user","password":"T35t_P@55w0rd"}
[31merror[39m:   401: Unauthorized
[32minfo[39m:    PUT url: /users/undefined params: {} body: {"name":"Autotest updated TEST_USER","login":"test_user","password":"T35t_P@55w0rd"}
[31merror[39m:   401: Unauthorized
[32minfo[39m:    POST url: /users params: {} body: {"name":"TEST_USER","login":"test_user","password":"T35t_P@55w0rd"}
[31merror[39m:   401: Unauthorized
[32minfo[39m:    DELETE url: /users/undefined params: {} body: {}
[31merror[39m:   401: Unauthorized
[32minfo[39m:    POST url: /users params: {} body: {"name":"TEST_USER","login":"test_user","password":"T35t_P@55w0rd"}
[31merror[39m:   401: Unauthorized
[32minfo[39m:    POST url: /login params: {} body: {"login":"admin","password":"admin"}
[31merror[39m:   unhandledRejection: Forbidden
[32minfo[39m:    POST url: /boards params: {} body: {"title":"Autotest board","columns":[{"title":"Backlog","order":1},{"title":"Sprint","order":2}]}
[31merror[39m:   401: Unauthorized
[32minfo[39m:    GET url: /boards params: {} body: {}
[31merror[39m:   401: Unauthorized
[32minfo[39m:    GET url: /boards params: {} body: {}
[31merror[39m:   401: Unauthorized
[32minfo[39m:    POST url: /boards params: {} body: {"title":"Autotest board","columns":[{"title":"Backlog","order":1},{"title":"Sprint","order":2}]}
[31merror[39m:   401: Unauthorized
[32minfo[39m:    POST url: /boards params: {} body: {"title":"Autotest board","columns":[{"title":"Backlog","order":1},{"title":"Sprint","order":2}]}
[31merror[39m:   401: Unauthorized
[32minfo[39m:    PUT url: /boards/undefined params: {} body: {"title":"Autotest updated board"}
[31merror[39m:   401: Unauthorized
[32minfo[39m:    POST url: /boards params: {} body: {"title":"Autotest board","columns":[{"title":"Backlog","order":1},{"title":"Sprint","order":2}]}
[31merror[39m:   401: Unauthorized
[32minfo[39m:    POST url: /boards params: {} body: {"title":"Autotest board","columns":[{"title":"Backlog","order":1},{"title":"Sprint","order":2}]}
[31merror[39m:   401: Unauthorized
[32minfo[39m:    DELETE url: /boards/undefined params: {} body: {}
[31merror[39m:   401: Unauthorized
[32minfo[39m:    POST url: /login params: {} body: {"login":"admin","password":"admin"}
[31merror[39m:   unhandledRejection: Forbidden
[32minfo[39m:    POST url: /boards params: {} body: {"title":"Autotest board","columns":[{"title":"Backlog","order":1},{"title":"Sprint","order":2}]}
[31merror[39m:   401: Unauthorized
[32minfo[39m:    POST url: /boards/undefined/tasks params: {} body: {"title":"Autotest task","order":0,"description":"Lorem ipsum","userId":null,"boardId":null,"columnId":null}
[31merror[39m:   401: Unauthorized
[32minfo[39m:    GET url: /boards/undefined/tasks params: {} body: {}
[31merror[39m:   401: Unauthorized
[32minfo[39m:    GET url: /boards/undefined/tasks params: {} body: {}
[31merror[39m:   401: Unauthorized
[32minfo[39m:    POST url: /boards/undefined/tasks params: {} body: {"title":"Autotest task","order":0,"description":"Lorem ipsum","userId":null,"boardId":null,"columnId":null}
[31merror[39m:   401: Unauthorized
[32minfo[39m:    POST url: /boards/undefined/tasks params: {} body: {"title":"Autotest task","order":0,"description":"Lorem ipsum","userId":null,"boardId":null,"columnId":null}
[31merror[39m:   401: Unauthorized
[32minfo[39m:    PUT url: /boards/undefined/tasks/undefined params: {} body: {"title":"Autotest updated task"}
[31merror[39m:   401: Unauthorized
[32minfo[39m:    GET url: /boards/undefined/tasks/undefined params: {} body: {}
[31merror[39m:   401: Unauthorized
[32minfo[39m:    DELETE url: /boards/undefined params: {} body: {}
[31merror[39m:   401: Unauthorized
[32minfo[39m:    GET url: /boards params: {} body: {}
[31merror[39m:   401: Unauthorized
[32minfo[39m:    GET url: /boards/12345 params: {} body: {}
[31merror[39m:   401: Unauthorized
[32minfo[39m:    POST url: /boards params: {} body: {"title":"Autotest board","columns":[{"title":"Backlog","order":1},{"title":"Sprint","order":2}]}
[31merror[39m:   401: Unauthorized
[32minfo[39m:    PUT url: /boards/12345 params: {} body: {"title":"Autotest board","columns":[{"title":"Backlog","order":1},{"title":"Sprint","order":2}]}
[31merror[39m:   401: Unauthorized
[32minfo[39m:    DELETE url: /boards/12345 params: {} body: {}
[31merror[39m:   401: Unauthorized
[32minfo[39m:    GET url: /boards/12345/tasks params: {} body: {}
[31merror[39m:   401: Unauthorized
[32minfo[39m:    GET url: /boards/12345/tasks/12345 params: {} body: {}
[31merror[39m:   401: Unauthorized
[32minfo[39m:    POST url: /boards/12345/tasks params: {} body: {"title":"Autotest task","order":0,"description":"Lorem ipsum","userId":null,"boardId":null,"columnId":null}
[31merror[39m:   401: Unauthorized
[32minfo[39m:    PUT url: /boards/12345/tasks/12345 params: {} body: {"title":"Autotest task","order":0,"description":"Lorem ipsum","userId":null,"boardId":null,"columnId":null}
[31merror[39m:   401: Unauthorized
[32minfo[39m:    DELETE url: /boards/12345/tasks/12345 params: {} body: {}
[31merror[39m:   401: Unauthorized
[32minfo[39m:    GET url: /users params: {} body: {}
[31merror[39m:   401: Unauthorized
[32minfo[39m:    GET url: /users/123 params: {} body: {}
[31merror[39m:   401: Unauthorized
[32minfo[39m:    POST url: /users params: {} body: {"name":"TEST_USER","login":"test_user","password":"T35t_P@55w0rd"}
[31merror[39m:   401: Unauthorized
[32minfo[39m:    PUT url: /users/12345 params: {} body: {"name":"TEST_USER","login":"test_user","password":"T35t_P@55w0rd"}
[31merror[39m:   401: Unauthorized
[32minfo[39m:    DELETE url: /users/12345 params: {} body: {}
[31merror[39m:   401: Unauthorized
[32minfo[39m:    POST url: /login params: {} body: {"login":"admin","password":"admin"}
[31merror[39m:   unhandledRejection: Forbidden
[32minfo[39m:    GET url: /users params: {} body: {}
[31merror[39m:   401: Unauthorized
[32minfo[39m:    POST url: /users params: {} body: {"name":"TEST_USER","login":"test_user","password":"T35t_P@55w0rd"}
[31merror[39m:   401: Unauthorized
[32minfo[39m:    POST url: /users params: {} body: {"name":"TEST_USER","login":"test_user","password":"T35t_P@55w0rd"}
[31merror[39m:   401: Unauthorized
[32minfo[39m:    POST url: /users params: {} body: {"name":"TEST_USER","login":"test_user","password":"T35t_P@55w0rd"}
[31merror[39m:   401: Unauthorized
[32minfo[39m:    PUT url: /users/undefined params: {} body: {"name":"Autotest updated TEST_USER","login":"test_user","password":"T35t_P@55w0rd"}
[31merror[39m:   401: Unauthorized
[32minfo[39m:    POST url: /users params: {} body: {"name":"TEST_USER","login":"test_user","password":"T35t_P@55w0rd"}
[31merror[39m:   401: Unauthorized
[32minfo[39m:    DELETE url: /users/undefined params: {} body: {}
[31merror[39m:   401: Unauthorized
[32minfo[39m:    POST url: /users params: {} body: {"name":"TEST_USER","login":"test_user","password":"T35t_P@55w0rd"}
[31merror[39m:   401: Unauthorized
[32minfo[39m:    POST url: /login params: {} body: {"login":"admin","password":"admin"}
[31merror[39m:   unhandledRejection: Forbidden
[32minfo[39m:    POST url: /boards params: {} body: {"title":"Autotest board","columns":[{"title":"Backlog","order":1},{"title":"Sprint","order":2}]}
[31merror[39m:   401: Unauthorized
[32minfo[39m:    GET url: /boards params: {} body: {}
[31merror[39m:   401: Unauthorized
[32minfo[39m:    GET url: /boards params: {} body: {}
[31merror[39m:   401: Unauthorized
[32minfo[39m:    POST url: /boards params: {} body: {"title":"Autotest board","columns":[{"title":"Backlog","order":1},{"title":"Sprint","order":2}]}
[31merror[39m:   401: Unauthorized
[32minfo[39m:    POST url: /boards params: {} body: {"title":"Autotest board","columns":[{"title":"Backlog","order":1},{"title":"Sprint","order":2}]}
[31merror[39m:   401: Unauthorized
[32minfo[39m:    PUT url: /boards/undefined params: {} body: {"title":"Autotest updated board"}
[31merror[39m:   401: Unauthorized
[32minfo[39m:    POST url: /boards params: {} body: {"title":"Autotest board","columns":[{"title":"Backlog","order":1},{"title":"Sprint","order":2}]}
[31merror[39m:   401: Unauthorized
[32minfo[39m:    POST url: /boards params: {} body: {"title":"Autotest board","columns":[{"title":"Backlog","order":1},{"title":"Sprint","order":2}]}
[31merror[39m:   401: Unauthorized
[32minfo[39m:    DELETE url: /boards/undefined params: {} body: {}
[31merror[39m:   401: Unauthorized
[32minfo[39m:    POST url: /login params: {} body: {"login":"admin","password":"admin"}
[31merror[39m:   unhandledRejection: Forbidden
[32minfo[39m:    POST url: /boards params: {} body: {"title":"Autotest board","columns":[{"title":"Backlog","order":1},{"title":"Sprint","order":2}]}
[31merror[39m:   401: Unauthorized
[32minfo[39m:    POST url: /boards/undefined/tasks params: {} body: {"title":"Autotest task","order":0,"description":"Lorem ipsum","userId":null,"boardId":null,"columnId":null}
[31merror[39m:   401: Unauthorized
[32minfo[39m:    GET url: /boards/undefined/tasks params: {} body: {}
[31merror[39m:   401: Unauthorized
[32minfo[39m:    GET url: /boards/undefined/tasks params: {} body: {}
[31merror[39m:   401: Unauthorized
[32minfo[39m:    POST url: /boards/undefined/tasks params: {} body: {"title":"Autotest task","order":0,"description":"Lorem ipsum","userId":null,"boardId":null,"columnId":null}
[31merror[39m:   401: Unauthorized
[32minfo[39m:    POST url: /boards/undefined/tasks params: {} body: {"title":"Autotest task","order":0,"description":"Lorem ipsum","userId":null,"boardId":null,"columnId":null}
[31merror[39m:   401: Unauthorized
[32minfo[39m:    PUT url: /boards/undefined/tasks/undefined params: {} body: {"title":"Autotest updated task"}
[31merror[39m:   401: Unauthorized
[32minfo[39m:    GET url: /boards/undefined/tasks/undefined params: {} body: {}
[31merror[39m:   401: Unauthorized
[32minfo[39m:    DELETE url: /boards/undefined params: {} body: {}
[31merror[39m:   401: Unauthorized
[32minfo[39m:    GET url: /users params: {} body: {}
[31merror[39m:   401: Unauthorized
[32minfo[39m:    GET url: /users/123 params: {} body: {}
[31merror[39m:   401: Unauthorized
[32minfo[39m:    POST url: /users params: {} body: {"name":"TEST_USER","login":"test_user","password":"T35t_P@55w0rd"}
[31merror[39m:   401: Unauthorized
[32minfo[39m:    PUT url: /users/12345 params: {} body: {"name":"TEST_USER","login":"test_user","password":"T35t_P@55w0rd"}
[31merror[39m:   401: Unauthorized
[32minfo[39m:    DELETE url: /users/12345 params: {} body: {}
[31merror[39m:   401: Unauthorized
[32minfo[39m:    GET url: /boards/12345/tasks params: {} body: {}
[31merror[39m:   401: Unauthorized
[32minfo[39m:    GET url: /boards/12345/tasks/12345 params: {} body: {}
[31merror[39m:   401: Unauthorized
[32minfo[39m:    POST url: /boards/12345/tasks params: {} body: {"title":"Autotest task","order":0,"description":"Lorem ipsum","userId":null,"boardId":null,"columnId":null}
[31merror[39m:   401: Unauthorized
[32minfo[39m:    PUT url: /boards/12345/tasks/12345 params: {} body: {"title":"Autotest task","order":0,"description":"Lorem ipsum","userId":null,"boardId":null,"columnId":null}
[31merror[39m:   401: Unauthorized
[32minfo[39m:    DELETE url: /boards/12345/tasks/12345 params: {} body: {}
[31merror[39m:   401: Unauthorized
[32minfo[39m:    GET url: /boards params: {} body: {}
[31merror[39m:   401: Unauthorized
[32minfo[39m:    GET url: /boards/12345 params: {} body: {}
[31merror[39m:   401: Unauthorized
[32minfo[39m:    POST url: /boards params: {} body: {"title":"Autotest board","columns":[{"title":"Backlog","order":1},{"title":"Sprint","order":2}]}
[31merror[39m:   401: Unauthorized
[32minfo[39m:    PUT url: /boards/12345 params: {} body: {"title":"Autotest board","columns":[{"title":"Backlog","order":1},{"title":"Sprint","order":2}]}
[31merror[39m:   401: Unauthorized
[32minfo[39m:    DELETE url: /boards/12345 params: {} body: {}
[31merror[39m:   401: Unauthorized
[32minfo[39m:    POST url: /login params: {} body: {"login":"admin","password":"admin"}
[31merror[39m:   unhandledRejection: Forbidden
[32minfo[39m:    GET url: /users params: {} body: {}
[31merror[39m:   401: Unauthorized
[32minfo[39m:    POST url: /users params: {} body: {"name":"TEST_USER","login":"test_user","password":"T35t_P@55w0rd"}
[31merror[39m:   401: Unauthorized
[32minfo[39m:    POST url: /users params: {} body: {"name":"TEST_USER","login":"test_user","password":"T35t_P@55w0rd"}
[31merror[39m:   401: Unauthorized
[32minfo[39m:    POST url: /users params: {} body: {"name":"TEST_USER","login":"test_user","password":"T35t_P@55w0rd"}
[31merror[39m:   401: Unauthorized
[32minfo[39m:    PUT url: /users/undefined params: {} body: {"name":"Autotest updated TEST_USER","login":"test_user","password":"T35t_P@55w0rd"}
[31merror[39m:   401: Unauthorized
[32minfo[39m:    POST url: /users params: {} body: {"name":"TEST_USER","login":"test_user","password":"T35t_P@55w0rd"}
[31merror[39m:   401: Unauthorized
[32minfo[39m:    DELETE url: /users/undefined params: {} body: {}
[31merror[39m:   401: Unauthorized
[32minfo[39m:    POST url: /users params: {} body: {"name":"TEST_USER","login":"test_user","password":"T35t_P@55w0rd"}
[31merror[39m:   401: Unauthorized
[32minfo[39m:    POST url: /login params: {} body: {"login":"admin","password":"admin"}
[31merror[39m:   unhandledRejection: Forbidden
[32minfo[39m:    POST url: /boards params: {} body: {"title":"Autotest board","columns":[{"title":"Backlog","order":1},{"title":"Sprint","order":2}]}
[31merror[39m:   401: Unauthorized
[32minfo[39m:    POST url: /boards/undefined/tasks params: {} body: {"title":"Autotest task","order":0,"description":"Lorem ipsum","userId":null,"boardId":null,"columnId":null}
[31merror[39m:   401: Unauthorized
[32minfo[39m:    GET url: /boards/undefined/tasks params: {} body: {}
[31merror[39m:   401: Unauthorized
[32minfo[39m:    GET url: /boards/undefined/tasks params: {} body: {}
[31merror[39m:   401: Unauthorized
[32minfo[39m:    POST url: /boards/undefined/tasks params: {} body: {"title":"Autotest task","order":0,"description":"Lorem ipsum","userId":null,"boardId":null,"columnId":null}
[31merror[39m:   401: Unauthorized
[32minfo[39m:    POST url: /boards/undefined/tasks params: {} body: {"title":"Autotest task","order":0,"description":"Lorem ipsum","userId":null,"boardId":null,"columnId":null}
[31merror[39m:   401: Unauthorized
[32minfo[39m:    PUT url: /boards/undefined/tasks/undefined params: {} body: {"title":"Autotest updated task"}
[31merror[39m:   401: Unauthorized
[32minfo[39m:    GET url: /boards/undefined/tasks/undefined params: {} body: {}
[31merror[39m:   401: Unauthorized
[32minfo[39m:    DELETE url: /boards/undefined params: {} body: {}
[31merror[39m:   401: Unauthorized
[32minfo[39m:    POST url: /login params: {} body: {"login":"admin","password":"admin"}
[31merror[39m:   unhandledRejection: Forbidden
[32minfo[39m:    POST url: /boards params: {} body: {"title":"Autotest board","columns":[{"title":"Backlog","order":1},{"title":"Sprint","order":2}]}
[31merror[39m:   401: Unauthorized
[32minfo[39m:    GET url: /boards params: {} body: {}
[31merror[39m:   401: Unauthorized
[32minfo[39m:    GET url: /boards params: {} body: {}
[31merror[39m:   401: Unauthorized
[32minfo[39m:    POST url: /boards params: {} body: {"title":"Autotest board","columns":[{"title":"Backlog","order":1},{"title":"Sprint","order":2}]}
[31merror[39m:   401: Unauthorized
[32minfo[39m:    POST url: /boards params: {} body: {"title":"Autotest board","columns":[{"title":"Backlog","order":1},{"title":"Sprint","order":2}]}
[31merror[39m:   401: Unauthorized
[32minfo[39m:    PUT url: /boards/undefined params: {} body: {"title":"Autotest updated board"}
[31merror[39m:   401: Unauthorized
[32minfo[39m:    POST url: /boards params: {} body: {"title":"Autotest board","columns":[{"title":"Backlog","order":1},{"title":"Sprint","order":2}]}
[31merror[39m:   401: Unauthorized
[32minfo[39m:    POST url: /boards params: {} body: {"title":"Autotest board","columns":[{"title":"Backlog","order":1},{"title":"Sprint","order":2}]}
[31merror[39m:   401: Unauthorized
[32minfo[39m:    DELETE url: /boards/undefined params: {} body: {}
[31merror[39m:   401: Unauthorized
[32minfo[39m:    GET url: /boards params: {} body: {}
[31merror[39m:   401: Unauthorized
[32minfo[39m:    GET url: /boards/12345 params: {} body: {}
[31merror[39m:   401: Unauthorized
[32minfo[39m:    POST url: /boards params: {} body: {"title":"Autotest board","columns":[{"title":"Backlog","order":1},{"title":"Sprint","order":2}]}
[31merror[39m:   401: Unauthorized
[32minfo[39m:    PUT url: /boards/12345 params: {} body: {"title":"Autotest board","columns":[{"title":"Backlog","order":1},{"title":"Sprint","order":2}]}
[31merror[39m:   401: Unauthorized
[32minfo[39m:    DELETE url: /boards/12345 params: {} body: {}
[31merror[39m:   401: Unauthorized
[32minfo[39m:    GET url: /users params: {} body: {}
[31merror[39m:   401: Unauthorized
[32minfo[39m:    GET url: /users/123 params: {} body: {}
[31merror[39m:   401: Unauthorized
[32minfo[39m:    POST url: /users params: {} body: {"name":"TEST_USER","login":"test_user","password":"T35t_P@55w0rd"}
[31merror[39m:   401: Unauthorized
[32minfo[39m:    PUT url: /users/12345 params: {} body: {"name":"TEST_USER","login":"test_user","password":"T35t_P@55w0rd"}
[31merror[39m:   401: Unauthorized
[32minfo[39m:    DELETE url: /users/12345 params: {} body: {}
[31merror[39m:   401: Unauthorized
[32minfo[39m:    GET url: /boards/12345/tasks params: {} body: {}
[31merror[39m:   401: Unauthorized
[32minfo[39m:    GET url: /boards/12345/tasks/12345 params: {} body: {}
[31merror[39m:   401: Unauthorized
[32minfo[39m:    POST url: /boards/12345/tasks params: {} body: {"title":"Autotest task","order":0,"description":"Lorem ipsum","userId":null,"boardId":null,"columnId":null}
[31merror[39m:   401: Unauthorized
[32minfo[39m:    PUT url: /boards/12345/tasks/12345 params: {} body: {"title":"Autotest task","order":0,"description":"Lorem ipsum","userId":null,"boardId":null,"columnId":null}
[31merror[39m:   401: Unauthorized
[32minfo[39m:    DELETE url: /boards/12345/tasks/12345 params: {} body: {}
[31merror[39m:   401: Unauthorized
[31merror[39m:   unhandledRejection: querySrv ESERVFAIL _mongodb._tcp.rsschool-q6akp.mongodb.net
[32minfo[39m:    POST url: /login params: {} body: {"login":"admin","password":"admin"}
[31merror[39m:   403: Forbidden
[32minfo[39m:    GET url: /users params: {} body: {}
[31merror[39m:   401: Unauthorized
[32minfo[39m:    POST url: /users params: {} body: {"name":"TEST_USER","login":"test_user","password":"T35t_P@55w0rd"}
[31merror[39m:   401: Unauthorized
[32minfo[39m:    POST url: /users params: {} body: {"name":"TEST_USER","login":"test_user","password":"T35t_P@55w0rd"}
[31merror[39m:   401: Unauthorized
[32minfo[39m:    POST url: /users params: {} body: {"name":"TEST_USER","login":"test_user","password":"T35t_P@55w0rd"}
[31merror[39m:   401: Unauthorized
[32minfo[39m:    PUT url: /users/undefined params: {} body: {"name":"Autotest updated TEST_USER","login":"test_user","password":"T35t_P@55w0rd"}
[31merror[39m:   401: Unauthorized
[32minfo[39m:    POST url: /users params: {} body: {"name":"TEST_USER","login":"test_user","password":"T35t_P@55w0rd"}
[31merror[39m:   401: Unauthorized
[32minfo[39m:    DELETE url: /users/undefined params: {} body: {}
[31merror[39m:   401: Unauthorized
[32minfo[39m:    POST url: /users params: {} body: {"name":"TEST_USER","login":"test_user","password":"T35t_P@55w0rd"}
[31merror[39m:   401: Unauthorized
[32minfo[39m:    POST url: /login params: {} body: {"login":"admin","password":"admin"}
[31merror[39m:   403: Forbidden
[32minfo[39m:    POST url: /boards params: {} body: {"title":"Autotest board","columns":[{"title":"Backlog","order":1},{"title":"Sprint","order":2}]}
[31merror[39m:   401: Unauthorized
[32minfo[39m:    GET url: /boards params: {} body: {}
[31merror[39m:   401: Unauthorized
[32minfo[39m:    GET url: /boards params: {} body: {}
[31merror[39m:   401: Unauthorized
[32minfo[39m:    POST url: /boards params: {} body: {"title":"Autotest board","columns":[{"title":"Backlog","order":1},{"title":"Sprint","order":2}]}
[31merror[39m:   401: Unauthorized
[32minfo[39m:    POST url: /boards params: {} body: {"title":"Autotest board","columns":[{"title":"Backlog","order":1},{"title":"Sprint","order":2}]}
[31merror[39m:   401: Unauthorized
[32minfo[39m:    PUT url: /boards/undefined params: {} body: {"title":"Autotest updated board"}
[31merror[39m:   401: Unauthorized
[32minfo[39m:    POST url: /boards params: {} body: {"title":"Autotest board","columns":[{"title":"Backlog","order":1},{"title":"Sprint","order":2}]}
[31merror[39m:   401: Unauthorized
[32minfo[39m:    POST url: /boards params: {} body: {"title":"Autotest board","columns":[{"title":"Backlog","order":1},{"title":"Sprint","order":2}]}
[31merror[39m:   401: Unauthorized
[32minfo[39m:    DELETE url: /boards/undefined params: {} body: {}
[31merror[39m:   401: Unauthorized
[32minfo[39m:    POST url: /login params: {} body: {"login":"admin","password":"admin"}
[31merror[39m:   403: Forbidden
[32minfo[39m:    POST url: /boards params: {} body: {"title":"Autotest board","columns":[{"title":"Backlog","order":1},{"title":"Sprint","order":2}]}
[31merror[39m:   401: Unauthorized
[32minfo[39m:    POST url: /boards/undefined/tasks params: {} body: {"title":"Autotest task","order":0,"description":"Lorem ipsum","userId":null,"boardId":null,"columnId":null}
[31merror[39m:   401: Unauthorized
[32minfo[39m:    GET url: /boards/undefined/tasks params: {} body: {}
[31merror[39m:   401: Unauthorized
[32minfo[39m:    GET url: /boards/undefined/tasks params: {} body: {}
[31merror[39m:   401: Unauthorized
[32minfo[39m:    POST url: /boards/undefined/tasks params: {} body: {"title":"Autotest task","order":0,"description":"Lorem ipsum","userId":null,"boardId":null,"columnId":null}
[31merror[39m:   401: Unauthorized
[32minfo[39m:    POST url: /boards/undefined/tasks params: {} body: {"title":"Autotest task","order":0,"description":"Lorem ipsum","userId":null,"boardId":null,"columnId":null}
[31merror[39m:   401: Unauthorized
[32minfo[39m:    PUT url: /boards/undefined/tasks/undefined params: {} body: {"title":"Autotest updated task"}
[31merror[39m:   401: Unauthorized
[32minfo[39m:    GET url: /boards/undefined/tasks/undefined params: {} body: {}
[31merror[39m:   401: Unauthorized
[32minfo[39m:    DELETE url: /boards/undefined params: {} body: {}
[31merror[39m:   401: Unauthorized
[32minfo[39m:    GET url: /boards params: {} body: {}
[31merror[39m:   401: Unauthorized
[32minfo[39m:    GET url: /boards/12345 params: {} body: {}
[31merror[39m:   401: Unauthorized
[32minfo[39m:    POST url: /boards params: {} body: {"title":"Autotest board","columns":[{"title":"Backlog","order":1},{"title":"Sprint","order":2}]}
[31merror[39m:   401: Unauthorized
[32minfo[39m:    PUT url: /boards/12345 params: {} body: {"title":"Autotest board","columns":[{"title":"Backlog","order":1},{"title":"Sprint","order":2}]}
[31merror[39m:   401: Unauthorized
[32minfo[39m:    DELETE url: /boards/12345 params: {} body: {}
[31merror[39m:   401: Unauthorized
[32minfo[39m:    GET url: /users params: {} body: {}
[31merror[39m:   401: Unauthorized
[32minfo[39m:    GET url: /users/123 params: {} body: {}
[31merror[39m:   401: Unauthorized
[32minfo[39m:    POST url: /users params: {} body: {"name":"TEST_USER","login":"test_user","password":"T35t_P@55w0rd"}
[31merror[39m:   401: Unauthorized
[32minfo[39m:    PUT url: /users/12345 params: {} body: {"name":"TEST_USER","login":"test_user","password":"T35t_P@55w0rd"}
[31merror[39m:   401: Unauthorized
[32minfo[39m:    DELETE url: /users/12345 params: {} body: {}
[31merror[39m:   401: Unauthorized
[32minfo[39m:    GET url: /boards/12345/tasks params: {} body: {}
[31merror[39m:   401: Unauthorized
[32minfo[39m:    GET url: /boards/12345/tasks/12345 params: {} body: {}
[31merror[39m:   401: Unauthorized
[32minfo[39m:    POST url: /boards/12345/tasks params: {} body: {"title":"Autotest task","order":0,"description":"Lorem ipsum","userId":null,"boardId":null,"columnId":null}
[31merror[39m:   401: Unauthorized
[32minfo[39m:    PUT url: /boards/12345/tasks/12345 params: {} body: {"title":"Autotest task","order":0,"description":"Lorem ipsum","userId":null,"boardId":null,"columnId":null}
[31merror[39m:   401: Unauthorized
[32minfo[39m:    DELETE url: /boards/12345/tasks/12345 params: {} body: {}
[31merror[39m:   401: Unauthorized
[32minfo[39m:    POST url: /login params: {} body: {"login":"admin","password":"admin"}
[31merror[39m:   403: Forbidden
[32minfo[39m:    GET url: /users params: {} body: {}
[31merror[39m:   401: Unauthorized
[32minfo[39m:    POST url: /users params: {} body: {"name":"TEST_USER","login":"test_user","password":"T35t_P@55w0rd"}
[31merror[39m:   401: Unauthorized
[32minfo[39m:    POST url: /users params: {} body: {"name":"TEST_USER","login":"test_user","password":"T35t_P@55w0rd"}
[31merror[39m:   401: Unauthorized
[32minfo[39m:    POST url: /users params: {} body: {"name":"TEST_USER","login":"test_user","password":"T35t_P@55w0rd"}
[31merror[39m:   401: Unauthorized
[32minfo[39m:    PUT url: /users/undefined params: {} body: {"name":"Autotest updated TEST_USER","login":"test_user","password":"T35t_P@55w0rd"}
[31merror[39m:   401: Unauthorized
[32minfo[39m:    POST url: /users params: {} body: {"name":"TEST_USER","login":"test_user","password":"T35t_P@55w0rd"}
[31merror[39m:   401: Unauthorized
[32minfo[39m:    DELETE url: /users/undefined params: {} body: {}
[31merror[39m:   401: Unauthorized
[32minfo[39m:    POST url: /users params: {} body: {"name":"TEST_USER","login":"test_user","password":"T35t_P@55w0rd"}
[31merror[39m:   401: Unauthorized
[32minfo[39m:    POST url: /login params: {} body: {"login":"admin","password":"admin"}
[31merror[39m:   403: Forbidden
[32minfo[39m:    POST url: /boards params: {} body: {"title":"Autotest board","columns":[{"title":"Backlog","order":1},{"title":"Sprint","order":2}]}
[31merror[39m:   401: Unauthorized
[32minfo[39m:    GET url: /boards params: {} body: {}
[31merror[39m:   401: Unauthorized
[32minfo[39m:    GET url: /boards params: {} body: {}
[31merror[39m:   401: Unauthorized
[32minfo[39m:    POST url: /boards params: {} body: {"title":"Autotest board","columns":[{"title":"Backlog","order":1},{"title":"Sprint","order":2}]}
[31merror[39m:   401: Unauthorized
[32minfo[39m:    POST url: /boards params: {} body: {"title":"Autotest board","columns":[{"title":"Backlog","order":1},{"title":"Sprint","order":2}]}
[31merror[39m:   401: Unauthorized
[32minfo[39m:    PUT url: /boards/undefined params: {} body: {"title":"Autotest updated board"}
[31merror[39m:   401: Unauthorized
[32minfo[39m:    POST url: /boards params: {} body: {"title":"Autotest board","columns":[{"title":"Backlog","order":1},{"title":"Sprint","order":2}]}
[31merror[39m:   401: Unauthorized
[32minfo[39m:    POST url: /boards params: {} body: {"title":"Autotest board","columns":[{"title":"Backlog","order":1},{"title":"Sprint","order":2}]}
[31merror[39m:   401: Unauthorized
[32minfo[39m:    DELETE url: /boards/undefined params: {} body: {}
[31merror[39m:   401: Unauthorized
[32minfo[39m:    POST url: /login params: {} body: {"login":"admin","password":"admin"}
[31merror[39m:   403: Forbidden
[32minfo[39m:    POST url: /boards params: {} body: {"title":"Autotest board","columns":[{"title":"Backlog","order":1},{"title":"Sprint","order":2}]}
[31merror[39m:   401: Unauthorized
[32minfo[39m:    POST url: /boards/undefined/tasks params: {} body: {"title":"Autotest task","order":0,"description":"Lorem ipsum","userId":null,"boardId":null,"columnId":null}
[31merror[39m:   401: Unauthorized
[32minfo[39m:    GET url: /boards/undefined/tasks params: {} body: {}
[31merror[39m:   401: Unauthorized
[32minfo[39m:    GET url: /boards/undefined/tasks params: {} body: {}
[31merror[39m:   401: Unauthorized
[32minfo[39m:    POST url: /boards/undefined/tasks params: {} body: {"title":"Autotest task","order":0,"description":"Lorem ipsum","userId":null,"boardId":null,"columnId":null}
[31merror[39m:   401: Unauthorized
[32minfo[39m:    POST url: /boards/undefined/tasks params: {} body: {"title":"Autotest task","order":0,"description":"Lorem ipsum","userId":null,"boardId":null,"columnId":null}
[31merror[39m:   401: Unauthorized
[32minfo[39m:    PUT url: /boards/undefined/tasks/undefined params: {} body: {"title":"Autotest updated task"}
[31merror[39m:   401: Unauthorized
[32minfo[39m:    GET url: /boards/undefined/tasks/undefined params: {} body: {}
[31merror[39m:   401: Unauthorized
[32minfo[39m:    DELETE url: /boards/undefined params: {} body: {}
[31merror[39m:   401: Unauthorized
[32minfo[39m:    GET url: /boards params: {} body: {}
[31merror[39m:   401: Unauthorized
[32minfo[39m:    GET url: /boards/12345 params: {} body: {}
[31merror[39m:   401: Unauthorized
[32minfo[39m:    POST url: /boards params: {} body: {"title":"Autotest board","columns":[{"title":"Backlog","order":1},{"title":"Sprint","order":2}]}
[31merror[39m:   401: Unauthorized
[32minfo[39m:    PUT url: /boards/12345 params: {} body: {"title":"Autotest board","columns":[{"title":"Backlog","order":1},{"title":"Sprint","order":2}]}
[31merror[39m:   401: Unauthorized
[32minfo[39m:    DELETE url: /boards/12345 params: {} body: {}
[31merror[39m:   401: Unauthorized
[32minfo[39m:    GET url: /users params: {} body: {}
[31merror[39m:   401: Unauthorized
[32minfo[39m:    GET url: /users/123 params: {} body: {}
[31merror[39m:   401: Unauthorized
[32minfo[39m:    POST url: /users params: {} body: {"name":"TEST_USER","login":"test_user","password":"T35t_P@55w0rd"}
[31merror[39m:   401: Unauthorized
[32minfo[39m:    PUT url: /users/12345 params: {} body: {"name":"TEST_USER","login":"test_user","password":"T35t_P@55w0rd"}
[31merror[39m:   401: Unauthorized
[32minfo[39m:    DELETE url: /users/12345 params: {} body: {}
[31merror[39m:   401: Unauthorized
[32minfo[39m:    GET url: /boards/12345/tasks params: {} body: {}
[31merror[39m:   401: Unauthorized
[32minfo[39m:    GET url: /boards/12345/tasks/12345 params: {} body: {}
[31merror[39m:   401: Unauthorized
[32minfo[39m:    POST url: /boards/12345/tasks params: {} body: {"title":"Autotest task","order":0,"description":"Lorem ipsum","userId":null,"boardId":null,"columnId":null}
[31merror[39m:   401: Unauthorized
[32minfo[39m:    PUT url: /boards/12345/tasks/12345 params: {} body: {"title":"Autotest task","order":0,"description":"Lorem ipsum","userId":null,"boardId":null,"columnId":null}
[31merror[39m:   401: Unauthorized
[32minfo[39m:    DELETE url: /boards/12345/tasks/12345 params: {} body: {}
[31merror[39m:   401: Unauthorized
[32minfo[39m:    POST url: /login params: {} body: {"login":"admin","password":"admin"}
[32minfo[39m:    GET url: /users params: {} body: {}
[32minfo[39m:    POST url: /users params: {} body: {"name":"TEST_USER","login":"test_user","password":"T35t_P@55w0rd"}
[32minfo[39m:    GET url: /users/f90b5e7e-6c0a-4d0d-b934-eafc1a08098a params: {} body: {}
[32minfo[39m:    DELETE url: /users/f90b5e7e-6c0a-4d0d-b934-eafc1a08098a params: {} body: {}
[32minfo[39m:    POST url: /users params: {} body: {"name":"TEST_USER","login":"test_user","password":"T35t_P@55w0rd"}
[32minfo[39m:    DELETE url: /users/915db825-f3e9-46cc-9448-269fe127d6b3 params: {} body: {}
[32minfo[39m:    POST url: /users params: {} body: {"name":"TEST_USER","login":"test_user","password":"T35t_P@55w0rd"}
[32minfo[39m:    PUT url: /users/f9412e01-2d28-4b06-a941-67bd03f21fbe params: {} body: {"name":"Autotest updated TEST_USER","login":"test_user","password":"T35t_P@55w0rd","id":"f9412e01-2d28-4b06-a941-67bd03f21fbe"}
[32minfo[39m:    GET url: /users/f9412e01-2d28-4b06-a941-67bd03f21fbe params: {} body: {}
[32minfo[39m:    DELETE url: /users/f9412e01-2d28-4b06-a941-67bd03f21fbe params: {} body: {}
[32minfo[39m:    POST url: /users params: {} body: {"name":"TEST_USER","login":"test_user","password":"T35t_P@55w0rd"}
[32minfo[39m:    DELETE url: /users/d6151f34-f2e1-4d1a-87f8-87061479fbb4 params: {} body: {}
[32minfo[39m:    POST url: /users params: {} body: {"name":"TEST_USER","login":"test_user","password":"T35t_P@55w0rd"}
[32minfo[39m:    POST url: /boards params: {} body: {"title":"Autotest board","columns":[{"title":"Backlog","order":1},{"title":"Sprint","order":2}]}
[32minfo[39m:    POST url: /boards/6f1d8aab-f5b1-49f8-85bf-b3759173323f/tasks params: {} body: {"title":"Task #1","order":1,"description":"Lorem ipsum","userId":"0865bcf4-5177-4e2f-91c0-38907e980ceb","boardId":"6f1d8aab-f5b1-49f8-85bf-b3759173323f"}
[32minfo[39m:    POST url: /boards/6f1d8aab-f5b1-49f8-85bf-b3759173323f/tasks params: {} body: {"title":"Task #2","order":2,"description":"Lorem ipsum","userId":"0865bcf4-5177-4e2f-91c0-38907e980ceb","boardId":"6f1d8aab-f5b1-49f8-85bf-b3759173323f"}
[32minfo[39m:    DELETE url: /users/0865bcf4-5177-4e2f-91c0-38907e980ceb params: {} body: {}
[32minfo[39m:    GET url: /boards/6f1d8aab-f5b1-49f8-85bf-b3759173323f/tasks/c043f931-d4f0-4566-998d-651626a2c819 params: {} body: {}
[32minfo[39m:    GET url: /boards/6f1d8aab-f5b1-49f8-85bf-b3759173323f/tasks/6dfea51e-ef99-476b-a7bb-1fcdc0ce9075 params: {} body: {}
[32minfo[39m:    DELETE url: /boards/6f1d8aab-f5b1-49f8-85bf-b3759173323f/tasks/c043f931-d4f0-4566-998d-651626a2c819 params: {} body: {}
[32minfo[39m:    DELETE url: /boards/6f1d8aab-f5b1-49f8-85bf-b3759173323f/tasks/6dfea51e-ef99-476b-a7bb-1fcdc0ce9075 params: {} body: {}
[32minfo[39m:    DELETE url: /boards/6f1d8aab-f5b1-49f8-85bf-b3759173323f params: {} body: {}
[32minfo[39m:    POST url: /login params: {} body: {"login":"admin","password":"admin"}
[32minfo[39m:    POST url: /boards params: {} body: {"title":"Autotest board","columns":[{"title":"Backlog","order":1},{"title":"Sprint","order":2}]}
[32minfo[39m:    GET url: /boards params: {} body: {}
[32minfo[39m:    GET url: /boards params: {} body: {}
[32minfo[39m:    GET url: /boards/596ba762-6ac2-4a73-8786-b347c04227be params: {} body: {}
[32minfo[39m:    POST url: /boards params: {} body: {"title":"Autotest board","columns":[{"title":"Backlog","order":1},{"title":"Sprint","order":2}]}
[32minfo[39m:    DELETE url: /boards/041d4b53-340b-4a58-8b75-1e76e77eb471 params: {} body: {}
[32minfo[39m:    POST url: /boards params: {} body: {"title":"Autotest board","columns":[{"title":"Backlog","order":1},{"title":"Sprint","order":2}]}
[32minfo[39m:    PUT url: /boards/59802a31-e82a-4521-8cad-04615bfbe847 params: {} body: {"title":"Autotest updated board","columns":[{"title":"Backlog","order":1},{"title":"Sprint","order":2}],"_id":"5ea6cbf637b0aa1878d5b7ab","id":"59802a31-e82a-4521-8cad-04615bfbe847","__v":0}
[32minfo[39m:    GET url: /boards/59802a31-e82a-4521-8cad-04615bfbe847 params: {} body: {}
[32minfo[39m:    DELETE url: /boards/59802a31-e82a-4521-8cad-04615bfbe847 params: {} body: {}
[32minfo[39m:    POST url: /boards params: {} body: {"title":"Autotest board","columns":[{"title":"Backlog","order":1},{"title":"Sprint","order":2}]}
[32minfo[39m:    DELETE url: /boards/26d7f4d1-a89e-4dd0-a7eb-231f39a20c23 params: {} body: {}
[32minfo[39m:    GET url: /boards/26d7f4d1-a89e-4dd0-a7eb-231f39a20c23 params: {} body: {}
[31merror[39m:   404: Board not found
[32minfo[39m:    POST url: /boards params: {} body: {"title":"Autotest board","columns":[{"title":"Backlog","order":1},{"title":"Sprint","order":2}]}
[32minfo[39m:    POST url: /boards/77220cd5-c83b-4ca1-af40-57403b9246a0/tasks params: {} body: {"title":"Task #1","order":1,"description":"Lorem ipsum","boardId":"77220cd5-c83b-4ca1-af40-57403b9246a0","userId":null,"columnId":null}
[32minfo[39m:    POST url: /boards/77220cd5-c83b-4ca1-af40-57403b9246a0/tasks params: {} body: {"title":"Task #2","order":2,"description":"Lorem ipsum","boardId":"77220cd5-c83b-4ca1-af40-57403b9246a0","userId":null,"columnId":null}
[32minfo[39m:    POST url: /boards/77220cd5-c83b-4ca1-af40-57403b9246a0/tasks params: {} body: {"title":"Task #3","order":3,"description":"Lorem ipsum","boardId":"77220cd5-c83b-4ca1-af40-57403b9246a0","userId":null,"columnId":null}
[32minfo[39m:    POST url: /boards/77220cd5-c83b-4ca1-af40-57403b9246a0/tasks params: {} body: {"title":"Task #4","order":4,"description":"Lorem ipsum","boardId":"77220cd5-c83b-4ca1-af40-57403b9246a0","userId":null,"columnId":null}
[32minfo[39m:    POST url: /boards/77220cd5-c83b-4ca1-af40-57403b9246a0/tasks params: {} body: {"title":"Task #5","order":5,"description":"Lorem ipsum","boardId":"77220cd5-c83b-4ca1-af40-57403b9246a0","userId":null,"columnId":null}
[32minfo[39m:    GET url: /boards/77220cd5-c83b-4ca1-af40-57403b9246a0/tasks/4fcb97a4-e762-4d19-9478-05c63d2528a3 params: {} body: {}
[32minfo[39m:    GET url: /boards/77220cd5-c83b-4ca1-af40-57403b9246a0/tasks/49caf33c-382a-4356-9b71-2dcac1216163 params: {} body: {}
[32minfo[39m:    GET url: /boards/77220cd5-c83b-4ca1-af40-57403b9246a0/tasks/f4709cf1-7449-4323-86b1-ece16b9bca92 params: {} body: {}
[32minfo[39m:    GET url: /boards/77220cd5-c83b-4ca1-af40-57403b9246a0/tasks/413fccc0-0351-495a-a4f9-6fd56e8c1f0e params: {} body: {}
[32minfo[39m:    GET url: /boards/77220cd5-c83b-4ca1-af40-57403b9246a0/tasks/a71aa5f5-dd8e-4820-80e4-4b7e74f230e1 params: {} body: {}
[32minfo[39m:    DELETE url: /boards/77220cd5-c83b-4ca1-af40-57403b9246a0 params: {} body: {}
[32minfo[39m:    GET url: /boards/77220cd5-c83b-4ca1-af40-57403b9246a0/tasks/49caf33c-382a-4356-9b71-2dcac1216163 params: {} body: {}
[32minfo[39m:    GET url: /boards/77220cd5-c83b-4ca1-af40-57403b9246a0/tasks/4fcb97a4-e762-4d19-9478-05c63d2528a3 params: {} body: {}
[32minfo[39m:    GET url: /boards/77220cd5-c83b-4ca1-af40-57403b9246a0/tasks/f4709cf1-7449-4323-86b1-ece16b9bca92 params: {} body: {}
[32minfo[39m:    GET url: /boards/77220cd5-c83b-4ca1-af40-57403b9246a0/tasks/a71aa5f5-dd8e-4820-80e4-4b7e74f230e1 params: {} body: {}
[32minfo[39m:    GET url: /boards/77220cd5-c83b-4ca1-af40-57403b9246a0/tasks/413fccc0-0351-495a-a4f9-6fd56e8c1f0e params: {} body: {}
[31merror[39m:   404: Task not found
[31merror[39m:   404: Task not found
[31merror[39m:   404: Task not found
[31merror[39m:   404: Task not found
[31merror[39m:   404: Task not found
[32minfo[39m:    DELETE url: /boards/596ba762-6ac2-4a73-8786-b347c04227be params: {} body: {}
[32minfo[39m:    POST url: /login params: {} body: {"login":"admin","password":"admin"}
[32minfo[39m:    POST url: /boards params: {} body: {"title":"Autotest board","columns":[{"title":"Backlog","order":1},{"title":"Sprint","order":2}]}
[32minfo[39m:    POST url: /boards/9b9872ad-c15e-4886-8535-e6687a20b278/tasks params: {} body: {"title":"Autotest task","order":0,"description":"Lorem ipsum","userId":null,"boardId":null,"columnId":null}
[32minfo[39m:    GET url: /boards/9b9872ad-c15e-4886-8535-e6687a20b278/tasks params: {} body: {}
[32minfo[39m:    GET url: /boards/9b9872ad-c15e-4886-8535-e6687a20b278/tasks params: {} body: {}
[32minfo[39m:    GET url: /boards/9b9872ad-c15e-4886-8535-e6687a20b278/tasks/d7ac34a1-427e-40ba-9688-9b903b7857ac params: {} body: {}
[32minfo[39m:    POST url: /boards/9b9872ad-c15e-4886-8535-e6687a20b278/tasks params: {} body: {"title":"Autotest task","order":0,"description":"Lorem ipsum","userId":null,"boardId":null,"columnId":null}
[32minfo[39m:    DELETE url: /boards/9b9872ad-c15e-4886-8535-e6687a20b278/tasks/8601a97b-abb7-4879-bbfb-ecbcf7788cb0 params: {} body: {}
[32minfo[39m:    POST url: /boards/9b9872ad-c15e-4886-8535-e6687a20b278/tasks params: {} body: {"title":"Autotest task","order":0,"description":"Lorem ipsum","userId":null,"boardId":null,"columnId":null}
[32minfo[39m:    PUT url: /boards/9b9872ad-c15e-4886-8535-e6687a20b278/tasks/31f3c6bd-9353-47a6-885e-30cce1941a36 params: {} body: {"_id":"5ea6cbfa37b0aa1878d5b7b6","title":"Autotest updated task","order":0,"description":"Lorem ipsum","userId":null,"boardId":"9b9872ad-c15e-4886-8535-e6687a20b278","columnId":null,"id":"31f3c6bd-9353-47a6-885e-30cce1941a36","__v":0}
[32minfo[39m:    GET url: /boards/9b9872ad-c15e-4886-8535-e6687a20b278/tasks/31f3c6bd-9353-47a6-885e-30cce1941a36 params: {} body: {}
[32minfo[39m:    GET url: /boards/9b9872ad-c15e-4886-8535-e6687a20b278/tasks/d7ac34a1-427e-40ba-9688-9b903b7857ac params: {} body: {}
[32minfo[39m:    DELETE url: /boards/9b9872ad-c15e-4886-8535-e6687a20b278/tasks/d7ac34a1-427e-40ba-9688-9b903b7857ac params: {} body: {}
[32minfo[39m:    GET url: /boards/9b9872ad-c15e-4886-8535-e6687a20b278/tasks/d7ac34a1-427e-40ba-9688-9b903b7857ac params: {} body: {}
[31merror[39m:   404: Task not found
[32minfo[39m:    DELETE url: /boards/9b9872ad-c15e-4886-8535-e6687a20b278 params: {} body: {}
[32minfo[39m:    GET url: /boards params: {} body: {}
[31merror[39m:   401: Unauthorized
[32minfo[39m:    GET url: /boards/12345 params: {} body: {}
[31merror[39m:   401: Unauthorized
[32minfo[39m:    POST url: /boards params: {} body: {"title":"Autotest board","columns":[{"title":"Backlog","order":1},{"title":"Sprint","order":2}]}
[31merror[39m:   401: Unauthorized
[32minfo[39m:    PUT url: /boards/12345 params: {} body: {"title":"Autotest board","columns":[{"title":"Backlog","order":1},{"title":"Sprint","order":2}]}
[31merror[39m:   401: Unauthorized
[32minfo[39m:    DELETE url: /boards/12345 params: {} body: {}
[31merror[39m:   401: Unauthorized
[32minfo[39m:    GET url: /users params: {} body: {}
[31merror[39m:   401: Unauthorized
[32minfo[39m:    GET url: /users/123 params: {} body: {}
[31merror[39m:   401: Unauthorized
[32minfo[39m:    POST url: /users params: {} body: {"name":"TEST_USER","login":"test_user","password":"T35t_P@55w0rd"}
[31merror[39m:   401: Unauthorized
[32minfo[39m:    PUT url: /users/12345 params: {} body: {"name":"TEST_USER","login":"test_user","password":"T35t_P@55w0rd"}
[31merror[39m:   401: Unauthorized
[32minfo[39m:    DELETE url: /users/12345 params: {} body: {}
[31merror[39m:   401: Unauthorized
[32minfo[39m:    GET url: /boards/12345/tasks params: {} body: {}
[31merror[39m:   401: Unauthorized
[32minfo[39m:    GET url: /boards/12345/tasks/12345 params: {} body: {}
[31merror[39m:   401: Unauthorized
[32minfo[39m:    POST url: /boards/12345/tasks params: {} body: {"title":"Autotest task","order":0,"description":"Lorem ipsum","userId":null,"boardId":null,"columnId":null}
[31merror[39m:   401: Unauthorized
[32minfo[39m:    PUT url: /boards/12345/tasks/12345 params: {} body: {"title":"Autotest task","order":0,"description":"Lorem ipsum","userId":null,"boardId":null,"columnId":null}
[31merror[39m:   401: Unauthorized
[32minfo[39m:    DELETE url: /boards/12345/tasks/12345 params: {} body: {}
[31merror[39m:   401: Unauthorized
[32minfo[39m:    POST url: /login params: {} body: {"login":"admin","password":"admin"}
[31merror[39m:   unhandledRejection: data and hash arguments required
[32minfo[39m:    GET url: /users params: {} body: {}
[32minfo[39m:    POST url: /users params: {} body: {"name":"TEST_USER","login":"test_user","password":"T35t_P@55w0rd"}
[32minfo[39m:    GET url: /users/9eee45d2-34c4-457b-a1e2-9b3592ddf50d params: {} body: {}
[32minfo[39m:    DELETE url: /users/9eee45d2-34c4-457b-a1e2-9b3592ddf50d params: {} body: {}
[32minfo[39m:    POST url: /users params: {} body: {"name":"TEST_USER","login":"test_user","password":"T35t_P@55w0rd"}
[32minfo[39m:    DELETE url: /users/3a83daee-51f6-4ad1-982e-6e3d862fe64b params: {} body: {}
[32minfo[39m:    POST url: /users params: {} body: {"name":"TEST_USER","login":"test_user","password":"T35t_P@55w0rd"}
[32minfo[39m:    PUT url: /users/5b8ac4c2-8e73-4f54-83d4-71fa295ddc97 params: {} body: {"name":"Autotest updated TEST_USER","login":"test_user","password":"T35t_P@55w0rd","id":"5b8ac4c2-8e73-4f54-83d4-71fa295ddc97"}
[32minfo[39m:    GET url: /users/5b8ac4c2-8e73-4f54-83d4-71fa295ddc97 params: {} body: {}
[32minfo[39m:    DELETE url: /users/5b8ac4c2-8e73-4f54-83d4-71fa295ddc97 params: {} body: {}
[32minfo[39m:    POST url: /users params: {} body: {"name":"TEST_USER","login":"test_user","password":"T35t_P@55w0rd"}
[32minfo[39m:    DELETE url: /users/fb8f187a-5128-4900-bc71-60cd51c6a024 params: {} body: {}
[32minfo[39m:    POST url: /users params: {} body: {"name":"TEST_USER","login":"test_user","password":"T35t_P@55w0rd"}
[32minfo[39m:    POST url: /boards params: {} body: {"title":"Autotest board","columns":[{"title":"Backlog","order":1},{"title":"Sprint","order":2}]}
[32minfo[39m:    POST url: /boards/70ec2086-7c44-4370-8f27-39c1da17472c/tasks params: {} body: {"title":"Task #1","order":1,"description":"Lorem ipsum","userId":"e56899f3-3baf-4b5b-9c32-26b0b25209bb","boardId":"70ec2086-7c44-4370-8f27-39c1da17472c"}
[32minfo[39m:    POST url: /boards/70ec2086-7c44-4370-8f27-39c1da17472c/tasks params: {} body: {"title":"Task #2","order":2,"description":"Lorem ipsum","userId":"e56899f3-3baf-4b5b-9c32-26b0b25209bb","boardId":"70ec2086-7c44-4370-8f27-39c1da17472c"}
[32minfo[39m:    DELETE url: /users/e56899f3-3baf-4b5b-9c32-26b0b25209bb params: {} body: {}
[32minfo[39m:    GET url: /boards/70ec2086-7c44-4370-8f27-39c1da17472c/tasks/17b801db-8786-476f-b69d-98668a6895ad params: {} body: {}
[32minfo[39m:    GET url: /boards/70ec2086-7c44-4370-8f27-39c1da17472c/tasks/7a251987-fe7a-484f-a0df-e43bb3666d28 params: {} body: {}
[32minfo[39m:    DELETE url: /boards/70ec2086-7c44-4370-8f27-39c1da17472c/tasks/17b801db-8786-476f-b69d-98668a6895ad params: {} body: {}
[32minfo[39m:    DELETE url: /boards/70ec2086-7c44-4370-8f27-39c1da17472c/tasks/7a251987-fe7a-484f-a0df-e43bb3666d28 params: {} body: {}
[32minfo[39m:    DELETE url: /boards/70ec2086-7c44-4370-8f27-39c1da17472c params: {} body: {}
[32minfo[39m:    POST url: /login params: {} body: {"login":"admin","password":"admin"}
[31merror[39m:   unhandledRejection: data and hash arguments required
[32minfo[39m:    POST url: /boards params: {} body: {"title":"Autotest board","columns":[{"title":"Backlog","order":1},{"title":"Sprint","order":2}]}
[32minfo[39m:    GET url: /boards params: {} body: {}
[32minfo[39m:    GET url: /boards params: {} body: {}
[32minfo[39m:    GET url: /boards/97bae456-f50f-44d4-8e8c-116fe3663d23 params: {} body: {}
[32minfo[39m:    POST url: /boards params: {} body: {"title":"Autotest board","columns":[{"title":"Backlog","order":1},{"title":"Sprint","order":2}]}
[32minfo[39m:    DELETE url: /boards/51c6fd21-e66f-42d6-b9ca-4a7aa909e475 params: {} body: {}
[32minfo[39m:    POST url: /boards params: {} body: {"title":"Autotest board","columns":[{"title":"Backlog","order":1},{"title":"Sprint","order":2}]}
[32minfo[39m:    PUT url: /boards/cd10bb73-d86b-4bf9-8612-55a940b9cf6c params: {} body: {"title":"Autotest updated board","columns":[{"title":"Backlog","order":1},{"title":"Sprint","order":2}],"_id":"5ea6ccb0168886199c18d9d3","id":"cd10bb73-d86b-4bf9-8612-55a940b9cf6c","__v":0}
[32minfo[39m:    GET url: /boards/cd10bb73-d86b-4bf9-8612-55a940b9cf6c params: {} body: {}
[32minfo[39m:    DELETE url: /boards/cd10bb73-d86b-4bf9-8612-55a940b9cf6c params: {} body: {}
[32minfo[39m:    POST url: /boards params: {} body: {"title":"Autotest board","columns":[{"title":"Backlog","order":1},{"title":"Sprint","order":2}]}
[32minfo[39m:    DELETE url: /boards/660d513c-5293-4da3-90c4-dd26ceaeefcc params: {} body: {}
[32minfo[39m:    GET url: /boards/660d513c-5293-4da3-90c4-dd26ceaeefcc params: {} body: {}
[31merror[39m:   404: Board not found
[32minfo[39m:    POST url: /boards params: {} body: {"title":"Autotest board","columns":[{"title":"Backlog","order":1},{"title":"Sprint","order":2}]}
[32minfo[39m:    POST url: /boards/3d35bbc3-cca2-456b-a0a0-f54b879f8106/tasks params: {} body: {"title":"Task #1","order":1,"description":"Lorem ipsum","boardId":"3d35bbc3-cca2-456b-a0a0-f54b879f8106","userId":null,"columnId":null}
[32minfo[39m:    POST url: /boards/3d35bbc3-cca2-456b-a0a0-f54b879f8106/tasks params: {} body: {"title":"Task #2","order":2,"description":"Lorem ipsum","boardId":"3d35bbc3-cca2-456b-a0a0-f54b879f8106","userId":null,"columnId":null}
[32minfo[39m:    POST url: /boards/3d35bbc3-cca2-456b-a0a0-f54b879f8106/tasks params: {} body: {"title":"Task #3","order":3,"description":"Lorem ipsum","boardId":"3d35bbc3-cca2-456b-a0a0-f54b879f8106","userId":null,"columnId":null}
[32minfo[39m:    POST url: /boards/3d35bbc3-cca2-456b-a0a0-f54b879f8106/tasks params: {} body: {"title":"Task #4","order":4,"description":"Lorem ipsum","boardId":"3d35bbc3-cca2-456b-a0a0-f54b879f8106","userId":null,"columnId":null}
[32minfo[39m:    POST url: /boards/3d35bbc3-cca2-456b-a0a0-f54b879f8106/tasks params: {} body: {"title":"Task #5","order":5,"description":"Lorem ipsum","boardId":"3d35bbc3-cca2-456b-a0a0-f54b879f8106","userId":null,"columnId":null}
[32minfo[39m:    GET url: /boards/3d35bbc3-cca2-456b-a0a0-f54b879f8106/tasks/6d87edcd-3566-406d-99e6-547e8193d861 params: {} body: {}
[32minfo[39m:    GET url: /boards/3d35bbc3-cca2-456b-a0a0-f54b879f8106/tasks/7ed78026-3335-4345-acc1-daee9ab94712 params: {} body: {}
[32minfo[39m:    GET url: /boards/3d35bbc3-cca2-456b-a0a0-f54b879f8106/tasks/216dd3b8-5ce8-4de9-bfb6-77463e58ac3f params: {} body: {}
[32minfo[39m:    GET url: /boards/3d35bbc3-cca2-456b-a0a0-f54b879f8106/tasks/1027be02-48f6-4c40-b612-7af8b7725a48 params: {} body: {}
[32minfo[39m:    GET url: /boards/3d35bbc3-cca2-456b-a0a0-f54b879f8106/tasks/60b5c507-2cdd-4ca2-b82f-13ba70eea918 params: {} body: {}
[32minfo[39m:    DELETE url: /boards/3d35bbc3-cca2-456b-a0a0-f54b879f8106 params: {} body: {}
[32minfo[39m:    GET url: /boards/3d35bbc3-cca2-456b-a0a0-f54b879f8106/tasks/6d87edcd-3566-406d-99e6-547e8193d861 params: {} body: {}
[32minfo[39m:    GET url: /boards/3d35bbc3-cca2-456b-a0a0-f54b879f8106/tasks/7ed78026-3335-4345-acc1-daee9ab94712 params: {} body: {}
[32minfo[39m:    GET url: /boards/3d35bbc3-cca2-456b-a0a0-f54b879f8106/tasks/216dd3b8-5ce8-4de9-bfb6-77463e58ac3f params: {} body: {}
[32minfo[39m:    GET url: /boards/3d35bbc3-cca2-456b-a0a0-f54b879f8106/tasks/1027be02-48f6-4c40-b612-7af8b7725a48 params: {} body: {}
[32minfo[39m:    GET url: /boards/3d35bbc3-cca2-456b-a0a0-f54b879f8106/tasks/60b5c507-2cdd-4ca2-b82f-13ba70eea918 params: {} body: {}
[31merror[39m:   404: Task not found
[31merror[39m:   404: Task not found
[31merror[39m:   404: Task not found
[31merror[39m:   404: Task not found
[31merror[39m:   404: Task not found
[32minfo[39m:    DELETE url: /boards/97bae456-f50f-44d4-8e8c-116fe3663d23 params: {} body: {}
[32minfo[39m:    POST url: /login params: {} body: {"login":"admin","password":"admin"}
[31merror[39m:   unhandledRejection: data and hash arguments required
[32minfo[39m:    POST url: /boards params: {} body: {"title":"Autotest board","columns":[{"title":"Backlog","order":1},{"title":"Sprint","order":2}]}
[32minfo[39m:    POST url: /boards/84cb7b5a-78b4-433f-9012-3cecc43eac37/tasks params: {} body: {"title":"Autotest task","order":0,"description":"Lorem ipsum","userId":null,"boardId":null,"columnId":null}
[32minfo[39m:    GET url: /boards/84cb7b5a-78b4-433f-9012-3cecc43eac37/tasks params: {} body: {}
[32minfo[39m:    GET url: /boards/84cb7b5a-78b4-433f-9012-3cecc43eac37/tasks params: {} body: {}
[32minfo[39m:    GET url: /boards/84cb7b5a-78b4-433f-9012-3cecc43eac37/tasks/3fb45fb1-ead8-4425-be2b-6c6de3289545 params: {} body: {}
[32minfo[39m:    POST url: /boards/84cb7b5a-78b4-433f-9012-3cecc43eac37/tasks params: {} body: {"title":"Autotest task","order":0,"description":"Lorem ipsum","userId":null,"boardId":null,"columnId":null}
[32minfo[39m:    DELETE url: /boards/84cb7b5a-78b4-433f-9012-3cecc43eac37/tasks/53e93b9f-0e8f-433f-945a-74a9e8edae45 params: {} body: {}
[32minfo[39m:    POST url: /boards/84cb7b5a-78b4-433f-9012-3cecc43eac37/tasks params: {} body: {"title":"Autotest task","order":0,"description":"Lorem ipsum","userId":null,"boardId":null,"columnId":null}
[32minfo[39m:    PUT url: /boards/84cb7b5a-78b4-433f-9012-3cecc43eac37/tasks/e037516a-fcaa-4fd9-a654-9c18b547fef1 params: {} body: {"_id":"5ea6ccb3168886199c18d9de","title":"Autotest updated task","order":0,"description":"Lorem ipsum","userId":null,"boardId":"84cb7b5a-78b4-433f-9012-3cecc43eac37","columnId":null,"id":"e037516a-fcaa-4fd9-a654-9c18b547fef1","__v":0}
[32minfo[39m:    GET url: /boards/84cb7b5a-78b4-433f-9012-3cecc43eac37/tasks/e037516a-fcaa-4fd9-a654-9c18b547fef1 params: {} body: {}
[32minfo[39m:    GET url: /boards/84cb7b5a-78b4-433f-9012-3cecc43eac37/tasks/3fb45fb1-ead8-4425-be2b-6c6de3289545 params: {} body: {}
[32minfo[39m:    DELETE url: /boards/84cb7b5a-78b4-433f-9012-3cecc43eac37/tasks/3fb45fb1-ead8-4425-be2b-6c6de3289545 params: {} body: {}
[32minfo[39m:    GET url: /boards/84cb7b5a-78b4-433f-9012-3cecc43eac37/tasks/3fb45fb1-ead8-4425-be2b-6c6de3289545 params: {} body: {}
[31merror[39m:   404: Task not found
[32minfo[39m:    DELETE url: /boards/84cb7b5a-78b4-433f-9012-3cecc43eac37 params: {} body: {}
[32minfo[39m:    GET url: /users params: {} body: {}
[31merror[39m:   401: Unauthorized
[32minfo[39m:    GET url: /users/123 params: {} body: {}
[31merror[39m:   401: Unauthorized
[32minfo[39m:    POST url: /users params: {} body: {"name":"TEST_USER","login":"test_user","password":"T35t_P@55w0rd"}
[31merror[39m:   401: Unauthorized
[32minfo[39m:    PUT url: /users/12345 params: {} body: {"name":"TEST_USER","login":"test_user","password":"T35t_P@55w0rd"}
[31merror[39m:   401: Unauthorized
[32minfo[39m:    DELETE url: /users/12345 params: {} body: {}
[31merror[39m:   401: Unauthorized
[32minfo[39m:    GET url: /boards params: {} body: {}
[31merror[39m:   401: Unauthorized
[32minfo[39m:    GET url: /boards/12345 params: {} body: {}
[31merror[39m:   401: Unauthorized
[32minfo[39m:    POST url: /boards params: {} body: {"title":"Autotest board","columns":[{"title":"Backlog","order":1},{"title":"Sprint","order":2}]}
[31merror[39m:   401: Unauthorized
[32minfo[39m:    PUT url: /boards/12345 params: {} body: {"title":"Autotest board","columns":[{"title":"Backlog","order":1},{"title":"Sprint","order":2}]}
[31merror[39m:   401: Unauthorized
[32minfo[39m:    DELETE url: /boards/12345 params: {} body: {}
[31merror[39m:   401: Unauthorized
[32minfo[39m:    GET url: /boards/12345/tasks params: {} body: {}
[31merror[39m:   401: Unauthorized
[32minfo[39m:    GET url: /boards/12345/tasks/12345 params: {} body: {}
[31merror[39m:   401: Unauthorized
[32minfo[39m:    POST url: /boards/12345/tasks params: {} body: {"title":"Autotest task","order":0,"description":"Lorem ipsum","userId":null,"boardId":null,"columnId":null}
[31merror[39m:   401: Unauthorized
[32minfo[39m:    PUT url: /boards/12345/tasks/12345 params: {} body: {"title":"Autotest task","order":0,"description":"Lorem ipsum","userId":null,"boardId":null,"columnId":null}
[31merror[39m:   401: Unauthorized
[32minfo[39m:    DELETE url: /boards/12345/tasks/12345 params: {} body: {}
[31merror[39m:   401: Unauthorized
